make: Entering directory '/work/hpk4/abyss_unmapped/test/k5-kc1'
abyss-stack-size 65536 abyss-bloom-dbg -k5 -q3 --kc=1  -b50G -j2  /work/hpk4/abyss_unmapped/fasta/Am10_S43.unmapped.R1.fastq.gz /work/hpk4/abyss_unmapped/fasta/Am10_S43.unmapped.R2.fastq.gz  > AM10-1.fa
AdjList    -k5 -m0 --dot AM10-1.fa >AM10-1.dot
abyss-rresolver-short  -b50G -f0.8 -j2 -k5 \
 -h AM10-1-rr --dot -c AM10-1-rr.fa \
-g AM10-1-rr.dot AM10-1.fa AM10-1.dot /work/hpk4/abyss_unmapped/fasta/Am10_S43.unmapped.R1.fastq.gz /work/hpk4/abyss_unmapped/fasta/Am10_S43.unmapped.R2.fastq.gz 
abyss-filtergraph  --dot   -k5 -g AM10-2.dot1 AM10-1-rr.dot AM10-1-rr.fa >AM10-1-rr.path
MergeContigs --dot   -k5 -g AM10-2.dot -o AM10-2.fa AM10-1-rr.fa AM10-2.dot1 AM10-1-rr.path
PopBubbles  --dot -j2 -k5  -p0.9  -g AM10-3.dot AM10-2.fa AM10-2.dot >AM10-2.path
MergeContigs   -k5 -o AM10-3.fa AM10-2.fa AM10-2.dot AM10-2.path
awk '!/^>/ {x[">" $1]=1; next} {getline s} $1 in x {print $0 "\n" s}' \
	AM10-2.path AM10-1-rr.fa >AM10-indel.fa
ln -sf AM10-3.fa AM10-unitigs.fa
abyss-map   -j2 -l40    /work/hpk4/abyss_unmapped/fasta/Am10_S43.unmapped.R1.fastq.gz /work/hpk4/abyss_unmapped/fasta/Am10_S43.unmapped.R2.fastq.gz AM10-3.fa \
	|abyss-fixmate   -l40  -h AM10-3.hist \
	|sort -snk3 -k4 \
	|DistanceEst   -j2 -k5  -l40 -s1000 -n10  -o AM10-3.dist AM10-3.hist
make: Leaving directory '/work/hpk4/abyss_unmapped/test/k5-kc1'
make: Entering directory '/work/hpk4/abyss_unmapped/test/k10-kc1'
abyss-stack-size 65536 abyss-bloom-dbg -k10 -q3 --kc=1  -b50G -j2  /work/hpk4/abyss_unmapped/fasta/Am10_S43.unmapped.R1.fastq.gz /work/hpk4/abyss_unmapped/fasta/Am10_S43.unmapped.R2.fastq.gz  > AM10-1.fa
AdjList    -k10 -m0 --dot AM10-1.fa >AM10-1.dot
abyss-rresolver-short  -b50G -f0.8 -j2 -k10 \
 -h AM10-1-rr --dot -c AM10-1-rr.fa \
-g AM10-1-rr.dot AM10-1.fa AM10-1.dot /work/hpk4/abyss_unmapped/fasta/Am10_S43.unmapped.R1.fastq.gz /work/hpk4/abyss_unmapped/fasta/Am10_S43.unmapped.R2.fastq.gz 
abyss-filtergraph  --dot   -k10 -g AM10-2.dot1 AM10-1-rr.dot AM10-1-rr.fa >AM10-1-rr.path
MergeContigs --dot   -k10 -g AM10-2.dot -o AM10-2.fa AM10-1-rr.fa AM10-2.dot1 AM10-1-rr.path
PopBubbles  --dot -j2 -k10  -p0.9  -g AM10-3.dot AM10-2.fa AM10-2.dot >AM10-2.path
MergeContigs   -k10 -o AM10-3.fa AM10-2.fa AM10-2.dot AM10-2.path
awk '!/^>/ {x[">" $1]=1; next} {getline s} $1 in x {print $0 "\n" s}' \
	AM10-2.path AM10-1-rr.fa >AM10-indel.fa
ln -sf AM10-3.fa AM10-unitigs.fa
abyss-map   -j2 -l40    /work/hpk4/abyss_unmapped/fasta/Am10_S43.unmapped.R1.fastq.gz /work/hpk4/abyss_unmapped/fasta/Am10_S43.unmapped.R2.fastq.gz AM10-3.fa \
	|abyss-fixmate   -l40  -h AM10-3.hist \
	|sort -snk3 -k4 \
	|DistanceEst   -j2 -k10  -l40 -s1000 -n10  -o AM10-3.dist AM10-3.hist
make: Leaving directory '/work/hpk4/abyss_unmapped/test/k10-kc1'
make: Entering directory '/work/hpk4/abyss_unmapped/test/k15-kc1'
abyss-stack-size 65536 abyss-bloom-dbg -k15 -q3 --kc=1  -b50G -j2  /work/hpk4/abyss_unmapped/fasta/Am10_S43.unmapped.R1.fastq.gz /work/hpk4/abyss_unmapped/fasta/Am10_S43.unmapped.R2.fastq.gz  > AM10-1.fa
AdjList    -k15 -m0 --dot AM10-1.fa >AM10-1.dot
abyss-rresolver-short  -b50G -f0.8 -j2 -k15 \
 -h AM10-1-rr --dot -c AM10-1-rr.fa \
-g AM10-1-rr.dot AM10-1.fa AM10-1.dot /work/hpk4/abyss_unmapped/fasta/Am10_S43.unmapped.R1.fastq.gz /work/hpk4/abyss_unmapped/fasta/Am10_S43.unmapped.R2.fastq.gz 
abyss-filtergraph  --dot   -k15 -g AM10-2.dot1 AM10-1-rr.dot AM10-1-rr.fa >AM10-1-rr.path
MergeContigs --dot   -k15 -g AM10-2.dot -o AM10-2.fa AM10-1-rr.fa AM10-2.dot1 AM10-1-rr.path
PopBubbles  --dot -j2 -k15  -p0.9  -g AM10-3.dot AM10-2.fa AM10-2.dot >AM10-2.path
MergeContigs   -k15 -o AM10-3.fa AM10-2.fa AM10-2.dot AM10-2.path
awk '!/^>/ {x[">" $1]=1; next} {getline s} $1 in x {print $0 "\n" s}' \
	AM10-2.path AM10-1-rr.fa >AM10-indel.fa
ln -sf AM10-3.fa AM10-unitigs.fa
abyss-map   -j2 -l40    /work/hpk4/abyss_unmapped/fasta/Am10_S43.unmapped.R1.fastq.gz /work/hpk4/abyss_unmapped/fasta/Am10_S43.unmapped.R2.fastq.gz AM10-3.fa \
	|abyss-fixmate   -l40  -h AM10-3.hist \
	|sort -snk3 -k4 \
	|DistanceEst   -j2 -k15  -l40 -s1000 -n10  -o AM10-3.dist AM10-3.hist
Overlap  --dot   -k15 -g AM10-4.dot -o AM10-4.fa AM10-3.fa AM10-3.dot AM10-3.dist
Overlap: 0
Scaffold: 0
No overlap: 0
Insignificant (<5bp): 0
Homopolymer: 0
Motif: 0
Ambiguous: 0
abyss-stack-size 65536 SimpleGraph   -s1000 -n10  -j2 -k15 -o AM10-4.path1 AM10-4.dot AM10-3.dist
Seed too short: 0
Seeds with no edges: 0
Edges removed: 0
Total paths attempted: 0
Unique path: 0
No possible paths: 0
No valid paths: 0
Repetitive: 0
Multiple valid paths: 0
Too many solutions: 0
Too complex: 0

The minimum number of pairs in a distance estimate is 4294967295.
abyss-index  --fai AM10-3.fa
abyss-index  --fai AM10-4.fa
cat AM10-3.fa.fai AM10-4.fa.fai \
	| MergePaths   -j2 -k15 -s1000  -o AM10-4.path2 - AM10-4.path1
Ignored 0 paths whose seeds are shorter than 1000 bp.
PathOverlap --assemble   -k15  AM10-4.dot AM10-4.path2 >AM10-4.path3
cat AM10-3.fa AM10-4.fa \
	| abyss-stack-size 65536 PathConsensus  --dot -k15  -p0.9  -o AM10-5.path -s AM10-5.fa -g AM10-5.dot - AM10-4.dot AM10-4.path3
cat AM10-3.fa AM10-4.fa AM10-5.fa | MergeContigs   -k15 -o AM10-6.fa - AM10-5.dot AM10-5.path
ln -sf AM10-6.fa AM10-contigs.fa
PathOverlap --overlap   -k15 --dot AM10-5.dot AM10-5.path >AM10-6.dot
ln -sf AM10-6.dot AM10-contigs.dot
abyss-map   -j2 -l40    /work/hpk4/abyss_unmapped/fasta/Am10_S43.unmapped.R1.fastq.gz /work/hpk4/abyss_unmapped/fasta/Am10_S43.unmapped.R2.fastq.gz AM10-6.fa \
	|abyss-fixmate   -l40  -h AM10-6.hist \
	|sort -snk3 -k4 \
	|DistanceEst   --dot --median -j2 -k15  -l40 -s1000 -n10  -o AM10-6.dist.dot AM10-6.hist
abyss-scaffold    -k15 -s100-5000 -n15-20 -g AM10-6.path.dot  AM10-6.dot AM10-6.dist.dot >AM10-6.path
abyss-stack-size 65536 PathConsensus  --dot -k15  -p0.9  -s AM10-7.fa -g AM10-7.dot -o AM10-7.path AM10-6.fa AM10-6.dot AM10-6.path
cat AM10-6.fa AM10-7.fa \
	| MergeContigs   -k15 -o AM10-8.fa - AM10-7.dot AM10-7.path
ln -sf AM10-8.fa AM10-scaffolds.fa
PathOverlap --overlap   -k15 --dot AM10-7.dot AM10-7.path >AM10-8.dot
ln -sf AM10-8.dot AM10-scaffolds.dot
abyss-fac   AM10-unitigs.fa AM10-contigs.fa AM10-scaffolds.fa |tee AM10-stats.tab
n	n:500	L50	min	N75	N50	N25	E-size	max	sum	name
4223	0	0	0	0	0	0	0	0	0	AM10-unitigs.fa
4223	0	0	0	0	0	0	0	0	0	AM10-contigs.fa
4223	0	0	0	0	0	0	0	0	0	AM10-scaffolds.fa
ln -sf AM10-stats.tab AM10-stats
tr '\t' , <AM10-stats.tab >AM10-stats.csv
abyss-tabtomd AM10-stats.tab >AM10-stats.md
make: Leaving directory '/work/hpk4/abyss_unmapped/test/k15-kc1'
make: Entering directory '/work/hpk4/abyss_unmapped/test/k20-kc1'
abyss-stack-size 65536 abyss-bloom-dbg -k20 -q3 --kc=1  -b50G -j2  /work/hpk4/abyss_unmapped/fasta/Am10_S43.unmapped.R1.fastq.gz /work/hpk4/abyss_unmapped/fasta/Am10_S43.unmapped.R2.fastq.gz  > AM10-1.fa
AdjList    -k20 -m0 --dot AM10-1.fa >AM10-1.dot
abyss-rresolver-short  -b50G -f0.8 -j2 -k20 \
 -h AM10-1-rr --dot -c AM10-1-rr.fa \
-g AM10-1-rr.dot AM10-1.fa AM10-1.dot /work/hpk4/abyss_unmapped/fasta/Am10_S43.unmapped.R1.fastq.gz /work/hpk4/abyss_unmapped/fasta/Am10_S43.unmapped.R2.fastq.gz 
abyss-filtergraph  --dot   -k20 -g AM10-2.dot1 AM10-1-rr.dot AM10-1-rr.fa >AM10-1-rr.path
MergeContigs --dot   -k20 -g AM10-2.dot -o AM10-2.fa AM10-1-rr.fa AM10-2.dot1 AM10-1-rr.path
PopBubbles  --dot -j2 -k20  -p0.9  -g AM10-3.dot AM10-2.fa AM10-2.dot >AM10-2.path
MergeContigs   -k20 -o AM10-3.fa AM10-2.fa AM10-2.dot AM10-2.path
awk '!/^>/ {x[">" $1]=1; next} {getline s} $1 in x {print $0 "\n" s}' \
	AM10-2.path AM10-1-rr.fa >AM10-indel.fa
ln -sf AM10-3.fa AM10-unitigs.fa
abyss-map   -j2 -l40    /work/hpk4/abyss_unmapped/fasta/Am10_S43.unmapped.R1.fastq.gz /work/hpk4/abyss_unmapped/fasta/Am10_S43.unmapped.R2.fastq.gz AM10-3.fa \
	|abyss-fixmate   -l40  -h AM10-3.hist \
	|sort -snk3 -k4 \
	|DistanceEst   -j2 -k20  -l40 -s1000 -n10  -o AM10-3.dist AM10-3.hist
Overlap  --dot   -k20 -g AM10-4.dot -o AM10-4.fa AM10-3.fa AM10-3.dot AM10-3.dist
Overlap: 0
Scaffold: 0
No overlap: 0
Insignificant (<5bp): 0
Homopolymer: 0
Motif: 0
Ambiguous: 0
abyss-stack-size 65536 SimpleGraph   -s1000 -n10  -j2 -k20 -o AM10-4.path1 AM10-4.dot AM10-3.dist
Seed too short: 0
Seeds with no edges: 0
Edges removed: 0
Total paths attempted: 0
Unique path: 0
No possible paths: 0
No valid paths: 0
Repetitive: 0
Multiple valid paths: 0
Too many solutions: 0
Too complex: 0

The minimum number of pairs in a distance estimate is 4294967295.
abyss-index  --fai AM10-3.fa
abyss-index  --fai AM10-4.fa
cat AM10-3.fa.fai AM10-4.fa.fai \
	| MergePaths   -j2 -k20 -s1000  -o AM10-4.path2 - AM10-4.path1
Ignored 0 paths whose seeds are shorter than 1000 bp.
PathOverlap --assemble   -k20  AM10-4.dot AM10-4.path2 >AM10-4.path3
cat AM10-3.fa AM10-4.fa \
	| abyss-stack-size 65536 PathConsensus  --dot -k20  -p0.9  -o AM10-5.path -s AM10-5.fa -g AM10-5.dot - AM10-4.dot AM10-4.path3
cat AM10-3.fa AM10-4.fa AM10-5.fa | MergeContigs   -k20 -o AM10-6.fa - AM10-5.dot AM10-5.path
ln -sf AM10-6.fa AM10-contigs.fa
PathOverlap --overlap   -k20 --dot AM10-5.dot AM10-5.path >AM10-6.dot
ln -sf AM10-6.dot AM10-contigs.dot
abyss-map   -j2 -l40    /work/hpk4/abyss_unmapped/fasta/Am10_S43.unmapped.R1.fastq.gz /work/hpk4/abyss_unmapped/fasta/Am10_S43.unmapped.R2.fastq.gz AM10-6.fa \
	|abyss-fixmate   -l40  -h AM10-6.hist \
	|sort -snk3 -k4 \
	|DistanceEst   --dot --median -j2 -k20  -l40 -s1000 -n10  -o AM10-6.dist.dot AM10-6.hist
abyss-scaffold    -k20 -s100-5000 -n15-20 -g AM10-6.path.dot  AM10-6.dot AM10-6.dist.dot >AM10-6.path
abyss-stack-size 65536 PathConsensus  --dot -k20  -p0.9  -s AM10-7.fa -g AM10-7.dot -o AM10-7.path AM10-6.fa AM10-6.dot AM10-6.path
cat AM10-6.fa AM10-7.fa \
	| MergeContigs   -k20 -o AM10-8.fa - AM10-7.dot AM10-7.path
ln -sf AM10-8.fa AM10-scaffolds.fa
PathOverlap --overlap   -k20 --dot AM10-7.dot AM10-7.path >AM10-8.dot
ln -sf AM10-8.dot AM10-scaffolds.dot
abyss-fac   AM10-unitigs.fa AM10-contigs.fa AM10-scaffolds.fa |tee AM10-stats.tab
n	n:500	L50	min	N75	N50	N25	E-size	max	sum	name
3055	0	0	0	0	0	0	0	0	0	AM10-unitigs.fa
3055	0	0	0	0	0	0	0	0	0	AM10-contigs.fa
3055	0	0	0	0	0	0	0	0	0	AM10-scaffolds.fa
ln -sf AM10-stats.tab AM10-stats
tr '\t' , <AM10-stats.tab >AM10-stats.csv
abyss-tabtomd AM10-stats.tab >AM10-stats.md
make: Leaving directory '/work/hpk4/abyss_unmapped/test/k20-kc1'
make: Entering directory '/work/hpk4/abyss_unmapped/test/k25-kc1'
abyss-stack-size 65536 abyss-bloom-dbg -k25 -q3 --kc=1  -b50G -j2  /work/hpk4/abyss_unmapped/fasta/Am10_S43.unmapped.R1.fastq.gz /work/hpk4/abyss_unmapped/fasta/Am10_S43.unmapped.R2.fastq.gz  > AM10-1.fa
AdjList    -k25 -m0 --dot AM10-1.fa >AM10-1.dot
abyss-rresolver-short  -b50G -f0.8 -j2 -k25 \
 -h AM10-1-rr --dot -c AM10-1-rr.fa \
-g AM10-1-rr.dot AM10-1.fa AM10-1.dot /work/hpk4/abyss_unmapped/fasta/Am10_S43.unmapped.R1.fastq.gz /work/hpk4/abyss_unmapped/fasta/Am10_S43.unmapped.R2.fastq.gz 
abyss-filtergraph  --dot   -k25 -g AM10-2.dot1 AM10-1-rr.dot AM10-1-rr.fa >AM10-1-rr.path
MergeContigs --dot   -k25 -g AM10-2.dot -o AM10-2.fa AM10-1-rr.fa AM10-2.dot1 AM10-1-rr.path
PopBubbles  --dot -j2 -k25  -p0.9  -g AM10-3.dot AM10-2.fa AM10-2.dot >AM10-2.path
MergeContigs   -k25 -o AM10-3.fa AM10-2.fa AM10-2.dot AM10-2.path
awk '!/^>/ {x[">" $1]=1; next} {getline s} $1 in x {print $0 "\n" s}' \
	AM10-2.path AM10-1-rr.fa >AM10-indel.fa
ln -sf AM10-3.fa AM10-unitigs.fa
abyss-map   -j2 -l40    /work/hpk4/abyss_unmapped/fasta/Am10_S43.unmapped.R1.fastq.gz /work/hpk4/abyss_unmapped/fasta/Am10_S43.unmapped.R2.fastq.gz AM10-3.fa \
	|abyss-fixmate   -l40  -h AM10-3.hist \
	|sort -snk3 -k4 \
	|DistanceEst   -j2 -k25  -l40 -s1000 -n10  -o AM10-3.dist AM10-3.hist
Overlap  --dot   -k25 -g AM10-4.dot -o AM10-4.fa AM10-3.fa AM10-3.dot AM10-3.dist
Overlap: 0
Scaffold: 0
No overlap: 0
Insignificant (<5bp): 0
Homopolymer: 0
Motif: 0
Ambiguous: 0
abyss-stack-size 65536 SimpleGraph   -s1000 -n10  -j2 -k25 -o AM10-4.path1 AM10-4.dot AM10-3.dist
Seed too short: 0
Seeds with no edges: 0
Edges removed: 0
Total paths attempted: 0
Unique path: 0
No possible paths: 0
No valid paths: 0
Repetitive: 0
Multiple valid paths: 0
Too many solutions: 0
Too complex: 0

The minimum number of pairs in a distance estimate is 4294967295.
abyss-index  --fai AM10-3.fa
abyss-index  --fai AM10-4.fa
cat AM10-3.fa.fai AM10-4.fa.fai \
	| MergePaths   -j2 -k25 -s1000  -o AM10-4.path2 - AM10-4.path1
Ignored 0 paths whose seeds are shorter than 1000 bp.
PathOverlap --assemble   -k25  AM10-4.dot AM10-4.path2 >AM10-4.path3
cat AM10-3.fa AM10-4.fa \
	| abyss-stack-size 65536 PathConsensus  --dot -k25  -p0.9  -o AM10-5.path -s AM10-5.fa -g AM10-5.dot - AM10-4.dot AM10-4.path3
cat AM10-3.fa AM10-4.fa AM10-5.fa | MergeContigs   -k25 -o AM10-6.fa - AM10-5.dot AM10-5.path
ln -sf AM10-6.fa AM10-contigs.fa
PathOverlap --overlap   -k25 --dot AM10-5.dot AM10-5.path >AM10-6.dot
ln -sf AM10-6.dot AM10-contigs.dot
abyss-map   -j2 -l40    /work/hpk4/abyss_unmapped/fasta/Am10_S43.unmapped.R1.fastq.gz /work/hpk4/abyss_unmapped/fasta/Am10_S43.unmapped.R2.fastq.gz AM10-6.fa \
	|abyss-fixmate   -l40  -h AM10-6.hist \
	|sort -snk3 -k4 \
	|DistanceEst   --dot --median -j2 -k25  -l40 -s1000 -n10  -o AM10-6.dist.dot AM10-6.hist
abyss-scaffold    -k25 -s100-5000 -n15-20 -g AM10-6.path.dot  AM10-6.dot AM10-6.dist.dot >AM10-6.path
abyss-stack-size 65536 PathConsensus  --dot -k25  -p0.9  -s AM10-7.fa -g AM10-7.dot -o AM10-7.path AM10-6.fa AM10-6.dot AM10-6.path
cat AM10-6.fa AM10-7.fa \
	| MergeContigs   -k25 -o AM10-8.fa - AM10-7.dot AM10-7.path
ln -sf AM10-8.fa AM10-scaffolds.fa
PathOverlap --overlap   -k25 --dot AM10-7.dot AM10-7.path >AM10-8.dot
ln -sf AM10-8.dot AM10-scaffolds.dot
abyss-fac   AM10-unitigs.fa AM10-contigs.fa AM10-scaffolds.fa |tee AM10-stats.tab
n	n:500	L50	min	N75	N50	N25	E-size	max	sum	name
2464	0	0	0	0	0	0	0	0	0	AM10-unitigs.fa
2464	0	0	0	0	0	0	0	0	0	AM10-contigs.fa
2464	0	0	0	0	0	0	0	0	0	AM10-scaffolds.fa
ln -sf AM10-stats.tab AM10-stats
tr '\t' , <AM10-stats.tab >AM10-stats.csv
abyss-tabtomd AM10-stats.tab >AM10-stats.md
make: Leaving directory '/work/hpk4/abyss_unmapped/test/k25-kc1'
make: Entering directory '/work/hpk4/abyss_unmapped/test/k30-kc1'
abyss-stack-size 65536 abyss-bloom-dbg -k30 -q3 --kc=1  -b50G -j2  /work/hpk4/abyss_unmapped/fasta/Am10_S43.unmapped.R1.fastq.gz /work/hpk4/abyss_unmapped/fasta/Am10_S43.unmapped.R2.fastq.gz  > AM10-1.fa
AdjList    -k30 -m0 --dot AM10-1.fa >AM10-1.dot
abyss-rresolver-short  -b50G -f0.8 -j2 -k30 \
 -h AM10-1-rr --dot -c AM10-1-rr.fa \
-g AM10-1-rr.dot AM10-1.fa AM10-1.dot /work/hpk4/abyss_unmapped/fasta/Am10_S43.unmapped.R1.fastq.gz /work/hpk4/abyss_unmapped/fasta/Am10_S43.unmapped.R2.fastq.gz 
abyss-filtergraph  --dot   -k30 -g AM10-2.dot1 AM10-1-rr.dot AM10-1-rr.fa >AM10-1-rr.path
MergeContigs --dot   -k30 -g AM10-2.dot -o AM10-2.fa AM10-1-rr.fa AM10-2.dot1 AM10-1-rr.path
PopBubbles  --dot -j2 -k30  -p0.9  -g AM10-3.dot AM10-2.fa AM10-2.dot >AM10-2.path
MergeContigs   -k30 -o AM10-3.fa AM10-2.fa AM10-2.dot AM10-2.path
awk '!/^>/ {x[">" $1]=1; next} {getline s} $1 in x {print $0 "\n" s}' \
	AM10-2.path AM10-1-rr.fa >AM10-indel.fa
ln -sf AM10-3.fa AM10-unitigs.fa
abyss-map   -j2 -l40    /work/hpk4/abyss_unmapped/fasta/Am10_S43.unmapped.R1.fastq.gz /work/hpk4/abyss_unmapped/fasta/Am10_S43.unmapped.R2.fastq.gz AM10-3.fa \
	|abyss-fixmate   -l40  -h AM10-3.hist \
	|sort -snk3 -k4 \
	|DistanceEst   -j2 -k30  -l40 -s1000 -n10  -o AM10-3.dist AM10-3.hist
Overlap  --dot   -k30 -g AM10-4.dot -o AM10-4.fa AM10-3.fa AM10-3.dot AM10-3.dist
Overlap: 0
Scaffold: 0
No overlap: 0
Insignificant (<5bp): 0
Homopolymer: 0
Motif: 0
Ambiguous: 0
abyss-stack-size 65536 SimpleGraph   -s1000 -n10  -j2 -k30 -o AM10-4.path1 AM10-4.dot AM10-3.dist
Seed too short: 0
Seeds with no edges: 0
Edges removed: 0
Total paths attempted: 0
Unique path: 0
No possible paths: 0
No valid paths: 0
Repetitive: 0
Multiple valid paths: 0
Too many solutions: 0
Too complex: 0

The minimum number of pairs in a distance estimate is 4294967295.
abyss-index  --fai AM10-3.fa
abyss-index  --fai AM10-4.fa
cat AM10-3.fa.fai AM10-4.fa.fai \
	| MergePaths   -j2 -k30 -s1000  -o AM10-4.path2 - AM10-4.path1
Ignored 0 paths whose seeds are shorter than 1000 bp.
PathOverlap --assemble   -k30  AM10-4.dot AM10-4.path2 >AM10-4.path3
cat AM10-3.fa AM10-4.fa \
	| abyss-stack-size 65536 PathConsensus  --dot -k30  -p0.9  -o AM10-5.path -s AM10-5.fa -g AM10-5.dot - AM10-4.dot AM10-4.path3
cat AM10-3.fa AM10-4.fa AM10-5.fa | MergeContigs   -k30 -o AM10-6.fa - AM10-5.dot AM10-5.path
ln -sf AM10-6.fa AM10-contigs.fa
PathOverlap --overlap   -k30 --dot AM10-5.dot AM10-5.path >AM10-6.dot
ln -sf AM10-6.dot AM10-contigs.dot
abyss-map   -j2 -l40    /work/hpk4/abyss_unmapped/fasta/Am10_S43.unmapped.R1.fastq.gz /work/hpk4/abyss_unmapped/fasta/Am10_S43.unmapped.R2.fastq.gz AM10-6.fa \
	|abyss-fixmate   -l40  -h AM10-6.hist \
	|sort -snk3 -k4 \
	|DistanceEst   --dot --median -j2 -k30  -l40 -s1000 -n10  -o AM10-6.dist.dot AM10-6.hist
abyss-scaffold    -k30 -s100-5000 -n15-20 -g AM10-6.path.dot  AM10-6.dot AM10-6.dist.dot >AM10-6.path
abyss-stack-size 65536 PathConsensus  --dot -k30  -p0.9  -s AM10-7.fa -g AM10-7.dot -o AM10-7.path AM10-6.fa AM10-6.dot AM10-6.path
cat AM10-6.fa AM10-7.fa \
	| MergeContigs   -k30 -o AM10-8.fa - AM10-7.dot AM10-7.path
ln -sf AM10-8.fa AM10-scaffolds.fa
PathOverlap --overlap   -k30 --dot AM10-7.dot AM10-7.path >AM10-8.dot
ln -sf AM10-8.dot AM10-scaffolds.dot
abyss-fac   AM10-unitigs.fa AM10-contigs.fa AM10-scaffolds.fa |tee AM10-stats.tab
n	n:500	L50	min	N75	N50	N25	E-size	max	sum	name
2039	0	0	0	0	0	0	0	0	0	AM10-unitigs.fa
2039	0	0	0	0	0	0	0	0	0	AM10-contigs.fa
2039	0	0	0	0	0	0	0	0	0	AM10-scaffolds.fa
ln -sf AM10-stats.tab AM10-stats
tr '\t' , <AM10-stats.tab >AM10-stats.csv
abyss-tabtomd AM10-stats.tab >AM10-stats.md
make: Leaving directory '/work/hpk4/abyss_unmapped/test/k30-kc1'
make: Entering directory '/work/hpk4/abyss_unmapped/test/k35-kc1'
abyss-stack-size 65536 abyss-bloom-dbg -k35 -q3 --kc=1  -b50G -j2  /work/hpk4/abyss_unmapped/fasta/Am10_S43.unmapped.R1.fastq.gz /work/hpk4/abyss_unmapped/fasta/Am10_S43.unmapped.R2.fastq.gz  > AM10-1.fa
AdjList    -k35 -m0 --dot AM10-1.fa >AM10-1.dot
abyss-rresolver-short  -b50G -f0.8 -j2 -k35 \
 -h AM10-1-rr --dot -c AM10-1-rr.fa \
-g AM10-1-rr.dot AM10-1.fa AM10-1.dot /work/hpk4/abyss_unmapped/fasta/Am10_S43.unmapped.R1.fastq.gz /work/hpk4/abyss_unmapped/fasta/Am10_S43.unmapped.R2.fastq.gz 
abyss-filtergraph  --dot   -k35 -g AM10-2.dot1 AM10-1-rr.dot AM10-1-rr.fa >AM10-1-rr.path
MergeContigs --dot   -k35 -g AM10-2.dot -o AM10-2.fa AM10-1-rr.fa AM10-2.dot1 AM10-1-rr.path
PopBubbles  --dot -j2 -k35  -p0.9  -g AM10-3.dot AM10-2.fa AM10-2.dot >AM10-2.path
MergeContigs   -k35 -o AM10-3.fa AM10-2.fa AM10-2.dot AM10-2.path
awk '!/^>/ {x[">" $1]=1; next} {getline s} $1 in x {print $0 "\n" s}' \
	AM10-2.path AM10-1-rr.fa >AM10-indel.fa
ln -sf AM10-3.fa AM10-unitigs.fa
abyss-map   -j2 -l40    /work/hpk4/abyss_unmapped/fasta/Am10_S43.unmapped.R1.fastq.gz /work/hpk4/abyss_unmapped/fasta/Am10_S43.unmapped.R2.fastq.gz AM10-3.fa \
	|abyss-fixmate   -l40  -h AM10-3.hist \
	|sort -snk3 -k4 \
	|DistanceEst   -j2 -k35  -l40 -s1000 -n10  -o AM10-3.dist AM10-3.hist
Overlap  --dot   -k35 -g AM10-4.dot -o AM10-4.fa AM10-3.fa AM10-3.dot AM10-3.dist
Overlap: 0
Scaffold: 0
No overlap: 0
Insignificant (<5bp): 0
Homopolymer: 0
Motif: 0
Ambiguous: 0
abyss-stack-size 65536 SimpleGraph   -s1000 -n10  -j2 -k35 -o AM10-4.path1 AM10-4.dot AM10-3.dist
Seed too short: 0
Seeds with no edges: 0
Edges removed: 0
Total paths attempted: 0
Unique path: 0
No possible paths: 0
No valid paths: 0
Repetitive: 0
Multiple valid paths: 0
Too many solutions: 0
Too complex: 0

The minimum number of pairs in a distance estimate is 4294967295.
abyss-index  --fai AM10-3.fa
abyss-index  --fai AM10-4.fa
cat AM10-3.fa.fai AM10-4.fa.fai \
	| MergePaths   -j2 -k35 -s1000  -o AM10-4.path2 - AM10-4.path1
Ignored 0 paths whose seeds are shorter than 1000 bp.
PathOverlap --assemble   -k35  AM10-4.dot AM10-4.path2 >AM10-4.path3
cat AM10-3.fa AM10-4.fa \
	| abyss-stack-size 65536 PathConsensus  --dot -k35  -p0.9  -o AM10-5.path -s AM10-5.fa -g AM10-5.dot - AM10-4.dot AM10-4.path3
cat AM10-3.fa AM10-4.fa AM10-5.fa | MergeContigs   -k35 -o AM10-6.fa - AM10-5.dot AM10-5.path
ln -sf AM10-6.fa AM10-contigs.fa
PathOverlap --overlap   -k35 --dot AM10-5.dot AM10-5.path >AM10-6.dot
ln -sf AM10-6.dot AM10-contigs.dot
abyss-map   -j2 -l40    /work/hpk4/abyss_unmapped/fasta/Am10_S43.unmapped.R1.fastq.gz /work/hpk4/abyss_unmapped/fasta/Am10_S43.unmapped.R2.fastq.gz AM10-6.fa \
	|abyss-fixmate   -l40  -h AM10-6.hist \
	|sort -snk3 -k4 \
	|DistanceEst   --dot --median -j2 -k35  -l40 -s1000 -n10  -o AM10-6.dist.dot AM10-6.hist
abyss-scaffold    -k35 -s100-5000 -n15-20 -g AM10-6.path.dot  AM10-6.dot AM10-6.dist.dot >AM10-6.path
abyss-stack-size 65536 PathConsensus  --dot -k35  -p0.9  -s AM10-7.fa -g AM10-7.dot -o AM10-7.path AM10-6.fa AM10-6.dot AM10-6.path
cat AM10-6.fa AM10-7.fa \
	| MergeContigs   -k35 -o AM10-8.fa - AM10-7.dot AM10-7.path
ln -sf AM10-8.fa AM10-scaffolds.fa
PathOverlap --overlap   -k35 --dot AM10-7.dot AM10-7.path >AM10-8.dot
ln -sf AM10-8.dot AM10-scaffolds.dot
abyss-fac   AM10-unitigs.fa AM10-contigs.fa AM10-scaffolds.fa |tee AM10-stats.tab
n	n:500	L50	min	N75	N50	N25	E-size	max	sum	name
1742	0	0	0	0	0	0	0	0	0	AM10-unitigs.fa
1742	0	0	0	0	0	0	0	0	0	AM10-contigs.fa
1742	0	0	0	0	0	0	0	0	0	AM10-scaffolds.fa
ln -sf AM10-stats.tab AM10-stats
tr '\t' , <AM10-stats.tab >AM10-stats.csv
abyss-tabtomd AM10-stats.tab >AM10-stats.md
make: Leaving directory '/work/hpk4/abyss_unmapped/test/k35-kc1'
make: Entering directory '/work/hpk4/abyss_unmapped/test/k40-kc1'
abyss-stack-size 65536 abyss-bloom-dbg -k40 -q3 --kc=1  -b50G -j2  /work/hpk4/abyss_unmapped/fasta/Am10_S43.unmapped.R1.fastq.gz /work/hpk4/abyss_unmapped/fasta/Am10_S43.unmapped.R2.fastq.gz  > AM10-1.fa
AdjList    -k40 -m0 --dot AM10-1.fa >AM10-1.dot
abyss-rresolver-short  -b50G -f0.8 -j2 -k40 \
 -h AM10-1-rr --dot -c AM10-1-rr.fa \
-g AM10-1-rr.dot AM10-1.fa AM10-1.dot /work/hpk4/abyss_unmapped/fasta/Am10_S43.unmapped.R1.fastq.gz /work/hpk4/abyss_unmapped/fasta/Am10_S43.unmapped.R2.fastq.gz 
abyss-filtergraph  --dot   -k40 -g AM10-2.dot1 AM10-1-rr.dot AM10-1-rr.fa >AM10-1-rr.path
MergeContigs --dot   -k40 -g AM10-2.dot -o AM10-2.fa AM10-1-rr.fa AM10-2.dot1 AM10-1-rr.path
PopBubbles  --dot -j2 -k40  -p0.9  -g AM10-3.dot AM10-2.fa AM10-2.dot >AM10-2.path
MergeContigs   -k40 -o AM10-3.fa AM10-2.fa AM10-2.dot AM10-2.path
awk '!/^>/ {x[">" $1]=1; next} {getline s} $1 in x {print $0 "\n" s}' \
	AM10-2.path AM10-1-rr.fa >AM10-indel.fa
ln -sf AM10-3.fa AM10-unitigs.fa
abyss-map   -j2 -l40    /work/hpk4/abyss_unmapped/fasta/Am10_S43.unmapped.R1.fastq.gz /work/hpk4/abyss_unmapped/fasta/Am10_S43.unmapped.R2.fastq.gz AM10-3.fa \
	|abyss-fixmate   -l40  -h AM10-3.hist \
	|sort -snk3 -k4 \
	|DistanceEst   -j2 -k40  -l40 -s1000 -n10  -o AM10-3.dist AM10-3.hist
Overlap  --dot   -k40 -g AM10-4.dot -o AM10-4.fa AM10-3.fa AM10-3.dot AM10-3.dist
Overlap: 0
Scaffold: 0
No overlap: 0
Insignificant (<5bp): 0
Homopolymer: 0
Motif: 0
Ambiguous: 0
abyss-stack-size 65536 SimpleGraph   -s1000 -n10  -j2 -k40 -o AM10-4.path1 AM10-4.dot AM10-3.dist
Seed too short: 0
Seeds with no edges: 0
Edges removed: 0
Total paths attempted: 0
Unique path: 0
No possible paths: 0
No valid paths: 0
Repetitive: 0
Multiple valid paths: 0
Too many solutions: 0
Too complex: 0

The minimum number of pairs in a distance estimate is 4294967295.
abyss-index  --fai AM10-3.fa
abyss-index  --fai AM10-4.fa
cat AM10-3.fa.fai AM10-4.fa.fai \
	| MergePaths   -j2 -k40 -s1000  -o AM10-4.path2 - AM10-4.path1
Ignored 0 paths whose seeds are shorter than 1000 bp.
PathOverlap --assemble   -k40  AM10-4.dot AM10-4.path2 >AM10-4.path3
cat AM10-3.fa AM10-4.fa \
	| abyss-stack-size 65536 PathConsensus  --dot -k40  -p0.9  -o AM10-5.path -s AM10-5.fa -g AM10-5.dot - AM10-4.dot AM10-4.path3
cat AM10-3.fa AM10-4.fa AM10-5.fa | MergeContigs   -k40 -o AM10-6.fa - AM10-5.dot AM10-5.path
ln -sf AM10-6.fa AM10-contigs.fa
PathOverlap --overlap   -k40 --dot AM10-5.dot AM10-5.path >AM10-6.dot
ln -sf AM10-6.dot AM10-contigs.dot
abyss-map   -j2 -l40    /work/hpk4/abyss_unmapped/fasta/Am10_S43.unmapped.R1.fastq.gz /work/hpk4/abyss_unmapped/fasta/Am10_S43.unmapped.R2.fastq.gz AM10-6.fa \
	|abyss-fixmate   -l40  -h AM10-6.hist \
	|sort -snk3 -k4 \
	|DistanceEst   --dot --median -j2 -k40  -l40 -s1000 -n10  -o AM10-6.dist.dot AM10-6.hist
abyss-scaffold    -k40 -s100-5000 -n15-20 -g AM10-6.path.dot  AM10-6.dot AM10-6.dist.dot >AM10-6.path
abyss-stack-size 65536 PathConsensus  --dot -k40  -p0.9  -s AM10-7.fa -g AM10-7.dot -o AM10-7.path AM10-6.fa AM10-6.dot AM10-6.path
cat AM10-6.fa AM10-7.fa \
	| MergeContigs   -k40 -o AM10-8.fa - AM10-7.dot AM10-7.path
ln -sf AM10-8.fa AM10-scaffolds.fa
PathOverlap --overlap   -k40 --dot AM10-7.dot AM10-7.path >AM10-8.dot
ln -sf AM10-8.dot AM10-scaffolds.dot
abyss-fac   AM10-unitigs.fa AM10-contigs.fa AM10-scaffolds.fa |tee AM10-stats.tab
n	n:500	L50	min	N75	N50	N25	E-size	max	sum	name
1564	0	0	0	0	0	0	0	0	0	AM10-unitigs.fa
1564	0	0	0	0	0	0	0	0	0	AM10-contigs.fa
1564	0	0	0	0	0	0	0	0	0	AM10-scaffolds.fa
ln -sf AM10-stats.tab AM10-stats
tr '\t' , <AM10-stats.tab >AM10-stats.csv
abyss-tabtomd AM10-stats.tab >AM10-stats.md
make: Leaving directory '/work/hpk4/abyss_unmapped/test/k40-kc1'
make: Entering directory '/work/hpk4/abyss_unmapped/test/k45-kc1'
abyss-stack-size 65536 abyss-bloom-dbg -k45 -q3 --kc=1  -b50G -j2  /work/hpk4/abyss_unmapped/fasta/Am10_S43.unmapped.R1.fastq.gz /work/hpk4/abyss_unmapped/fasta/Am10_S43.unmapped.R2.fastq.gz  > AM10-1.fa
AdjList    -k45 -m0 --dot AM10-1.fa >AM10-1.dot
abyss-rresolver-short  -b50G -f0.8 -j2 -k45 \
 -h AM10-1-rr --dot -c AM10-1-rr.fa \
-g AM10-1-rr.dot AM10-1.fa AM10-1.dot /work/hpk4/abyss_unmapped/fasta/Am10_S43.unmapped.R1.fastq.gz /work/hpk4/abyss_unmapped/fasta/Am10_S43.unmapped.R2.fastq.gz 
abyss-filtergraph  --dot   -k45 -g AM10-2.dot1 AM10-1-rr.dot AM10-1-rr.fa >AM10-1-rr.path
MergeContigs --dot   -k45 -g AM10-2.dot -o AM10-2.fa AM10-1-rr.fa AM10-2.dot1 AM10-1-rr.path
PopBubbles  --dot -j2 -k45  -p0.9  -g AM10-3.dot AM10-2.fa AM10-2.dot >AM10-2.path
MergeContigs   -k45 -o AM10-3.fa AM10-2.fa AM10-2.dot AM10-2.path
awk '!/^>/ {x[">" $1]=1; next} {getline s} $1 in x {print $0 "\n" s}' \
	AM10-2.path AM10-1-rr.fa >AM10-indel.fa
ln -sf AM10-3.fa AM10-unitigs.fa
abyss-map   -j2 -l40    /work/hpk4/abyss_unmapped/fasta/Am10_S43.unmapped.R1.fastq.gz /work/hpk4/abyss_unmapped/fasta/Am10_S43.unmapped.R2.fastq.gz AM10-3.fa \
	|abyss-fixmate   -l40  -h AM10-3.hist \
	|sort -snk3 -k4 \
	|DistanceEst   -j2 -k45  -l40 -s1000 -n10  -o AM10-3.dist AM10-3.hist
Overlap  --dot   -k45 -g AM10-4.dot -o AM10-4.fa AM10-3.fa AM10-3.dot AM10-3.dist
Overlap: 0
Scaffold: 0
No overlap: 0
Insignificant (<5bp): 0
Homopolymer: 0
Motif: 0
Ambiguous: 0
abyss-stack-size 65536 SimpleGraph   -s1000 -n10  -j2 -k45 -o AM10-4.path1 AM10-4.dot AM10-3.dist
Seed too short: 0
Seeds with no edges: 0
Edges removed: 0
Total paths attempted: 0
Unique path: 0
No possible paths: 0
No valid paths: 0
Repetitive: 0
Multiple valid paths: 0
Too many solutions: 0
Too complex: 0

The minimum number of pairs in a distance estimate is 4294967295.
abyss-index  --fai AM10-3.fa
abyss-index  --fai AM10-4.fa
cat AM10-3.fa.fai AM10-4.fa.fai \
	| MergePaths   -j2 -k45 -s1000  -o AM10-4.path2 - AM10-4.path1
Ignored 0 paths whose seeds are shorter than 1000 bp.
PathOverlap --assemble   -k45  AM10-4.dot AM10-4.path2 >AM10-4.path3
cat AM10-3.fa AM10-4.fa \
	| abyss-stack-size 65536 PathConsensus  --dot -k45  -p0.9  -o AM10-5.path -s AM10-5.fa -g AM10-5.dot - AM10-4.dot AM10-4.path3
cat AM10-3.fa AM10-4.fa AM10-5.fa | MergeContigs   -k45 -o AM10-6.fa - AM10-5.dot AM10-5.path
ln -sf AM10-6.fa AM10-contigs.fa
PathOverlap --overlap   -k45 --dot AM10-5.dot AM10-5.path >AM10-6.dot
ln -sf AM10-6.dot AM10-contigs.dot
abyss-map   -j2 -l40    /work/hpk4/abyss_unmapped/fasta/Am10_S43.unmapped.R1.fastq.gz /work/hpk4/abyss_unmapped/fasta/Am10_S43.unmapped.R2.fastq.gz AM10-6.fa \
	|abyss-fixmate   -l40  -h AM10-6.hist \
	|sort -snk3 -k4 \
	|DistanceEst   --dot --median -j2 -k45  -l40 -s1000 -n10  -o AM10-6.dist.dot AM10-6.hist
abyss-scaffold    -k45 -s100-5000 -n15-20 -g AM10-6.path.dot  AM10-6.dot AM10-6.dist.dot >AM10-6.path
abyss-stack-size 65536 PathConsensus  --dot -k45  -p0.9  -s AM10-7.fa -g AM10-7.dot -o AM10-7.path AM10-6.fa AM10-6.dot AM10-6.path
cat AM10-6.fa AM10-7.fa \
	| MergeContigs   -k45 -o AM10-8.fa - AM10-7.dot AM10-7.path
ln -sf AM10-8.fa AM10-scaffolds.fa
PathOverlap --overlap   -k45 --dot AM10-7.dot AM10-7.path >AM10-8.dot
ln -sf AM10-8.dot AM10-scaffolds.dot
abyss-fac   AM10-unitigs.fa AM10-contigs.fa AM10-scaffolds.fa |tee AM10-stats.tab
n	n:500	L50	min	N75	N50	N25	E-size	max	sum	name
1359	0	0	0	0	0	0	0	0	0	AM10-unitigs.fa
1359	0	0	0	0	0	0	0	0	0	AM10-contigs.fa
1359	0	0	0	0	0	0	0	0	0	AM10-scaffolds.fa
ln -sf AM10-stats.tab AM10-stats
tr '\t' , <AM10-stats.tab >AM10-stats.csv
abyss-tabtomd AM10-stats.tab >AM10-stats.md
make: Leaving directory '/work/hpk4/abyss_unmapped/test/k45-kc1'
make: Entering directory '/work/hpk4/abyss_unmapped/test/k50-kc1'
abyss-stack-size 65536 abyss-bloom-dbg -k50 -q3 --kc=1  -b50G -j2  /work/hpk4/abyss_unmapped/fasta/Am10_S43.unmapped.R1.fastq.gz /work/hpk4/abyss_unmapped/fasta/Am10_S43.unmapped.R2.fastq.gz  > AM10-1.fa
AdjList    -k50 -m0 --dot AM10-1.fa >AM10-1.dot
abyss-rresolver-short  -b50G -f0.8 -j2 -k50 \
 -h AM10-1-rr --dot -c AM10-1-rr.fa \
-g AM10-1-rr.dot AM10-1.fa AM10-1.dot /work/hpk4/abyss_unmapped/fasta/Am10_S43.unmapped.R1.fastq.gz /work/hpk4/abyss_unmapped/fasta/Am10_S43.unmapped.R2.fastq.gz 
abyss-filtergraph  --dot   -k50 -g AM10-2.dot1 AM10-1-rr.dot AM10-1-rr.fa >AM10-1-rr.path
MergeContigs --dot   -k50 -g AM10-2.dot -o AM10-2.fa AM10-1-rr.fa AM10-2.dot1 AM10-1-rr.path
PopBubbles  --dot -j2 -k50  -p0.9  -g AM10-3.dot AM10-2.fa AM10-2.dot >AM10-2.path
MergeContigs   -k50 -o AM10-3.fa AM10-2.fa AM10-2.dot AM10-2.path
awk '!/^>/ {x[">" $1]=1; next} {getline s} $1 in x {print $0 "\n" s}' \
	AM10-2.path AM10-1-rr.fa >AM10-indel.fa
ln -sf AM10-3.fa AM10-unitigs.fa
abyss-map   -j2 -l40    /work/hpk4/abyss_unmapped/fasta/Am10_S43.unmapped.R1.fastq.gz /work/hpk4/abyss_unmapped/fasta/Am10_S43.unmapped.R2.fastq.gz AM10-3.fa \
	|abyss-fixmate   -l40  -h AM10-3.hist \
	|sort -snk3 -k4 \
	|DistanceEst   -j2 -k50  -l40 -s1000 -n10  -o AM10-3.dist AM10-3.hist
Overlap  --dot   -k50 -g AM10-4.dot -o AM10-4.fa AM10-3.fa AM10-3.dot AM10-3.dist
Overlap: 0
Scaffold: 0
No overlap: 0
Insignificant (<5bp): 0
Homopolymer: 0
Motif: 0
Ambiguous: 0
abyss-stack-size 65536 SimpleGraph   -s1000 -n10  -j2 -k50 -o AM10-4.path1 AM10-4.dot AM10-3.dist
Seed too short: 0
Seeds with no edges: 0
Edges removed: 0
Total paths attempted: 0
Unique path: 0
No possible paths: 0
No valid paths: 0
Repetitive: 0
Multiple valid paths: 0
Too many solutions: 0
Too complex: 0

The minimum number of pairs in a distance estimate is 4294967295.
abyss-index  --fai AM10-3.fa
abyss-index  --fai AM10-4.fa
cat AM10-3.fa.fai AM10-4.fa.fai \
	| MergePaths   -j2 -k50 -s1000  -o AM10-4.path2 - AM10-4.path1
Ignored 0 paths whose seeds are shorter than 1000 bp.
PathOverlap --assemble   -k50  AM10-4.dot AM10-4.path2 >AM10-4.path3
cat AM10-3.fa AM10-4.fa \
	| abyss-stack-size 65536 PathConsensus  --dot -k50  -p0.9  -o AM10-5.path -s AM10-5.fa -g AM10-5.dot - AM10-4.dot AM10-4.path3
cat AM10-3.fa AM10-4.fa AM10-5.fa | MergeContigs   -k50 -o AM10-6.fa - AM10-5.dot AM10-5.path
ln -sf AM10-6.fa AM10-contigs.fa
PathOverlap --overlap   -k50 --dot AM10-5.dot AM10-5.path >AM10-6.dot
ln -sf AM10-6.dot AM10-contigs.dot
abyss-map   -j2 -l40    /work/hpk4/abyss_unmapped/fasta/Am10_S43.unmapped.R1.fastq.gz /work/hpk4/abyss_unmapped/fasta/Am10_S43.unmapped.R2.fastq.gz AM10-6.fa \
	|abyss-fixmate   -l40  -h AM10-6.hist \
	|sort -snk3 -k4 \
	|DistanceEst   --dot --median -j2 -k50  -l40 -s1000 -n10  -o AM10-6.dist.dot AM10-6.hist
abyss-scaffold    -k50 -s100-5000 -n15-20 -g AM10-6.path.dot  AM10-6.dot AM10-6.dist.dot >AM10-6.path
abyss-stack-size 65536 PathConsensus  --dot -k50  -p0.9  -s AM10-7.fa -g AM10-7.dot -o AM10-7.path AM10-6.fa AM10-6.dot AM10-6.path
cat AM10-6.fa AM10-7.fa \
	| MergeContigs   -k50 -o AM10-8.fa - AM10-7.dot AM10-7.path
ln -sf AM10-8.fa AM10-scaffolds.fa
PathOverlap --overlap   -k50 --dot AM10-7.dot AM10-7.path >AM10-8.dot
ln -sf AM10-8.dot AM10-scaffolds.dot
abyss-fac   AM10-unitigs.fa AM10-contigs.fa AM10-scaffolds.fa |tee AM10-stats.tab
n	n:500	L50	min	N75	N50	N25	E-size	max	sum	name
1184	0	0	0	0	0	0	0	0	0	AM10-unitigs.fa
1184	0	0	0	0	0	0	0	0	0	AM10-contigs.fa
1184	0	0	0	0	0	0	0	0	0	AM10-scaffolds.fa
ln -sf AM10-stats.tab AM10-stats
tr '\t' , <AM10-stats.tab >AM10-stats.csv
abyss-tabtomd AM10-stats.tab >AM10-stats.md
make: Leaving directory '/work/hpk4/abyss_unmapped/test/k50-kc1'
make: Entering directory '/work/hpk4/abyss_unmapped/test/k5-kc4'
abyss-stack-size 65536 abyss-bloom-dbg -k5 -q3 --kc=4  -b50G -j2  /work/hpk4/abyss_unmapped/fasta/Am10_S43.unmapped.R1.fastq.gz /work/hpk4/abyss_unmapped/fasta/Am10_S43.unmapped.R2.fastq.gz  > AM10-1.fa
AdjList    -k5 -m0 --dot AM10-1.fa >AM10-1.dot
abyss-rresolver-short  -b50G -f0.8 -j2 -k5 \
 -h AM10-1-rr --dot -c AM10-1-rr.fa \
-g AM10-1-rr.dot AM10-1.fa AM10-1.dot /work/hpk4/abyss_unmapped/fasta/Am10_S43.unmapped.R1.fastq.gz /work/hpk4/abyss_unmapped/fasta/Am10_S43.unmapped.R2.fastq.gz 
abyss-filtergraph  --dot   -k5 -g AM10-2.dot1 AM10-1-rr.dot AM10-1-rr.fa >AM10-1-rr.path
MergeContigs --dot   -k5 -g AM10-2.dot -o AM10-2.fa AM10-1-rr.fa AM10-2.dot1 AM10-1-rr.path
PopBubbles  --dot -j2 -k5  -p0.9  -g AM10-3.dot AM10-2.fa AM10-2.dot >AM10-2.path
MergeContigs   -k5 -o AM10-3.fa AM10-2.fa AM10-2.dot AM10-2.path
awk '!/^>/ {x[">" $1]=1; next} {getline s} $1 in x {print $0 "\n" s}' \
	AM10-2.path AM10-1-rr.fa >AM10-indel.fa
ln -sf AM10-3.fa AM10-unitigs.fa
abyss-map   -j2 -l40    /work/hpk4/abyss_unmapped/fasta/Am10_S43.unmapped.R1.fastq.gz /work/hpk4/abyss_unmapped/fasta/Am10_S43.unmapped.R2.fastq.gz AM10-3.fa \
	|abyss-fixmate   -l40  -h AM10-3.hist \
	|sort -snk3 -k4 \
	|DistanceEst   -j2 -k5  -l40 -s1000 -n10  -o AM10-3.dist AM10-3.hist
make: Leaving directory '/work/hpk4/abyss_unmapped/test/k5-kc4'
make: Entering directory '/work/hpk4/abyss_unmapped/test/k10-kc4'
abyss-stack-size 65536 abyss-bloom-dbg -k10 -q3 --kc=4  -b50G -j2  /work/hpk4/abyss_unmapped/fasta/Am10_S43.unmapped.R1.fastq.gz /work/hpk4/abyss_unmapped/fasta/Am10_S43.unmapped.R2.fastq.gz  > AM10-1.fa
AdjList    -k10 -m0 --dot AM10-1.fa >AM10-1.dot
abyss-rresolver-short  -b50G -f0.8 -j2 -k10 \
 -h AM10-1-rr --dot -c AM10-1-rr.fa \
-g AM10-1-rr.dot AM10-1.fa AM10-1.dot /work/hpk4/abyss_unmapped/fasta/Am10_S43.unmapped.R1.fastq.gz /work/hpk4/abyss_unmapped/fasta/Am10_S43.unmapped.R2.fastq.gz 
abyss-filtergraph  --dot   -k10 -g AM10-2.dot1 AM10-1-rr.dot AM10-1-rr.fa >AM10-1-rr.path
MergeContigs --dot   -k10 -g AM10-2.dot -o AM10-2.fa AM10-1-rr.fa AM10-2.dot1 AM10-1-rr.path
PopBubbles  --dot -j2 -k10  -p0.9  -g AM10-3.dot AM10-2.fa AM10-2.dot >AM10-2.path
MergeContigs   -k10 -o AM10-3.fa AM10-2.fa AM10-2.dot AM10-2.path
awk '!/^>/ {x[">" $1]=1; next} {getline s} $1 in x {print $0 "\n" s}' \
	AM10-2.path AM10-1-rr.fa >AM10-indel.fa
ln -sf AM10-3.fa AM10-unitigs.fa
abyss-map   -j2 -l40    /work/hpk4/abyss_unmapped/fasta/Am10_S43.unmapped.R1.fastq.gz /work/hpk4/abyss_unmapped/fasta/Am10_S43.unmapped.R2.fastq.gz AM10-3.fa \
	|abyss-fixmate   -l40  -h AM10-3.hist \
	|sort -snk3 -k4 \
	|DistanceEst   -j2 -k10  -l40 -s1000 -n10  -o AM10-3.dist AM10-3.hist
Overlap  --dot   -k10 -g AM10-4.dot -o AM10-4.fa AM10-3.fa AM10-3.dot AM10-3.dist
Overlap: 0
Scaffold: 0
No overlap: 0
Insignificant (<5bp): 0
Homopolymer: 0
Motif: 0
Ambiguous: 0
abyss-stack-size 65536 SimpleGraph   -s1000 -n10  -j2 -k10 -o AM10-4.path1 AM10-4.dot AM10-3.dist
Seed too short: 0
Seeds with no edges: 0
Edges removed: 0
Total paths attempted: 0
Unique path: 0
No possible paths: 0
No valid paths: 0
Repetitive: 0
Multiple valid paths: 0
Too many solutions: 0
Too complex: 0

The minimum number of pairs in a distance estimate is 4294967295.
abyss-index  --fai AM10-3.fa
abyss-index  --fai AM10-4.fa
cat AM10-3.fa.fai AM10-4.fa.fai \
	| MergePaths   -j2 -k10 -s1000  -o AM10-4.path2 - AM10-4.path1
Ignored 0 paths whose seeds are shorter than 1000 bp.
PathOverlap --assemble   -k10  AM10-4.dot AM10-4.path2 >AM10-4.path3
cat AM10-3.fa AM10-4.fa \
	| abyss-stack-size 65536 PathConsensus  --dot -k10  -p0.9  -o AM10-5.path -s AM10-5.fa -g AM10-5.dot - AM10-4.dot AM10-4.path3
cat AM10-3.fa AM10-4.fa AM10-5.fa | MergeContigs   -k10 -o AM10-6.fa - AM10-5.dot AM10-5.path
ln -sf AM10-6.fa AM10-contigs.fa
PathOverlap --overlap   -k10 --dot AM10-5.dot AM10-5.path >AM10-6.dot
ln -sf AM10-6.dot AM10-contigs.dot
abyss-map   -j2 -l40    /work/hpk4/abyss_unmapped/fasta/Am10_S43.unmapped.R1.fastq.gz /work/hpk4/abyss_unmapped/fasta/Am10_S43.unmapped.R2.fastq.gz AM10-6.fa \
	|abyss-fixmate   -l40  -h AM10-6.hist \
	|sort -snk3 -k4 \
	|DistanceEst   --dot --median -j2 -k10  -l40 -s1000 -n10  -o AM10-6.dist.dot AM10-6.hist
abyss-scaffold    -k10 -s100-5000 -n15-20 -g AM10-6.path.dot  AM10-6.dot AM10-6.dist.dot >AM10-6.path
abyss-stack-size 65536 PathConsensus  --dot -k10  -p0.9  -s AM10-7.fa -g AM10-7.dot -o AM10-7.path AM10-6.fa AM10-6.dot AM10-6.path
cat AM10-6.fa AM10-7.fa \
	| MergeContigs   -k10 -o AM10-8.fa - AM10-7.dot AM10-7.path
ln -sf AM10-8.fa AM10-scaffolds.fa
PathOverlap --overlap   -k10 --dot AM10-7.dot AM10-7.path >AM10-8.dot
ln -sf AM10-8.dot AM10-scaffolds.dot
abyss-fac   AM10-unitigs.fa AM10-contigs.fa AM10-scaffolds.fa |tee AM10-stats.tab
n	n:500	L50	min	N75	N50	N25	E-size	max	sum	name
3929	0	0	0	0	0	0	0	0	0	AM10-unitigs.fa
3929	0	0	0	0	0	0	0	0	0	AM10-contigs.fa
3869	0	0	0	0	0	0	0	0	0	AM10-scaffolds.fa
ln -sf AM10-stats.tab AM10-stats
tr '\t' , <AM10-stats.tab >AM10-stats.csv
abyss-tabtomd AM10-stats.tab >AM10-stats.md
make: Leaving directory '/work/hpk4/abyss_unmapped/test/k10-kc4'
make: Entering directory '/work/hpk4/abyss_unmapped/test/k15-kc4'
abyss-stack-size 65536 abyss-bloom-dbg -k15 -q3 --kc=4  -b50G -j2  /work/hpk4/abyss_unmapped/fasta/Am10_S43.unmapped.R1.fastq.gz /work/hpk4/abyss_unmapped/fasta/Am10_S43.unmapped.R2.fastq.gz  > AM10-1.fa
AdjList    -k15 -m0 --dot AM10-1.fa >AM10-1.dot
abyss-rresolver-short  -b50G -f0.8 -j2 -k15 \
 -h AM10-1-rr --dot -c AM10-1-rr.fa \
-g AM10-1-rr.dot AM10-1.fa AM10-1.dot /work/hpk4/abyss_unmapped/fasta/Am10_S43.unmapped.R1.fastq.gz /work/hpk4/abyss_unmapped/fasta/Am10_S43.unmapped.R2.fastq.gz 
abyss-filtergraph  --dot   -k15 -g AM10-2.dot1 AM10-1-rr.dot AM10-1-rr.fa >AM10-1-rr.path
MergeContigs --dot   -k15 -g AM10-2.dot -o AM10-2.fa AM10-1-rr.fa AM10-2.dot1 AM10-1-rr.path
PopBubbles  --dot -j2 -k15  -p0.9  -g AM10-3.dot AM10-2.fa AM10-2.dot >AM10-2.path
MergeContigs   -k15 -o AM10-3.fa AM10-2.fa AM10-2.dot AM10-2.path
awk '!/^>/ {x[">" $1]=1; next} {getline s} $1 in x {print $0 "\n" s}' \
	AM10-2.path AM10-1-rr.fa >AM10-indel.fa
ln -sf AM10-3.fa AM10-unitigs.fa
abyss-map   -j2 -l40    /work/hpk4/abyss_unmapped/fasta/Am10_S43.unmapped.R1.fastq.gz /work/hpk4/abyss_unmapped/fasta/Am10_S43.unmapped.R2.fastq.gz AM10-3.fa \
	|abyss-fixmate   -l40  -h AM10-3.hist \
	|sort -snk3 -k4 \
	|DistanceEst   -j2 -k15  -l40 -s1000 -n10  -o AM10-3.dist AM10-3.hist
Overlap  --dot   -k15 -g AM10-4.dot -o AM10-4.fa AM10-3.fa AM10-3.dot AM10-3.dist
Overlap: 0
Scaffold: 0
No overlap: 0
Insignificant (<5bp): 0
Homopolymer: 0
Motif: 0
Ambiguous: 0
abyss-stack-size 65536 SimpleGraph   -s1000 -n10  -j2 -k15 -o AM10-4.path1 AM10-4.dot AM10-3.dist
Seed too short: 0
Seeds with no edges: 0
Edges removed: 0
Total paths attempted: 0
Unique path: 0
No possible paths: 0
No valid paths: 0
Repetitive: 0
Multiple valid paths: 0
Too many solutions: 0
Too complex: 0

The minimum number of pairs in a distance estimate is 4294967295.
abyss-index  --fai AM10-3.fa
abyss-index  --fai AM10-4.fa
cat AM10-3.fa.fai AM10-4.fa.fai \
	| MergePaths   -j2 -k15 -s1000  -o AM10-4.path2 - AM10-4.path1
Ignored 0 paths whose seeds are shorter than 1000 bp.
PathOverlap --assemble   -k15  AM10-4.dot AM10-4.path2 >AM10-4.path3
cat AM10-3.fa AM10-4.fa \
	| abyss-stack-size 65536 PathConsensus  --dot -k15  -p0.9  -o AM10-5.path -s AM10-5.fa -g AM10-5.dot - AM10-4.dot AM10-4.path3
cat AM10-3.fa AM10-4.fa AM10-5.fa | MergeContigs   -k15 -o AM10-6.fa - AM10-5.dot AM10-5.path
ln -sf AM10-6.fa AM10-contigs.fa
PathOverlap --overlap   -k15 --dot AM10-5.dot AM10-5.path >AM10-6.dot
ln -sf AM10-6.dot AM10-contigs.dot
abyss-map   -j2 -l40    /work/hpk4/abyss_unmapped/fasta/Am10_S43.unmapped.R1.fastq.gz /work/hpk4/abyss_unmapped/fasta/Am10_S43.unmapped.R2.fastq.gz AM10-6.fa \
	|abyss-fixmate   -l40  -h AM10-6.hist \
	|sort -snk3 -k4 \
	|DistanceEst   --dot --median -j2 -k15  -l40 -s1000 -n10  -o AM10-6.dist.dot AM10-6.hist
abyss-scaffold    -k15 -s100-5000 -n15-20 -g AM10-6.path.dot  AM10-6.dot AM10-6.dist.dot >AM10-6.path
abyss-stack-size 65536 PathConsensus  --dot -k15  -p0.9  -s AM10-7.fa -g AM10-7.dot -o AM10-7.path AM10-6.fa AM10-6.dot AM10-6.path
cat AM10-6.fa AM10-7.fa \
	| MergeContigs   -k15 -o AM10-8.fa - AM10-7.dot AM10-7.path
ln -sf AM10-8.fa AM10-scaffolds.fa
PathOverlap --overlap   -k15 --dot AM10-7.dot AM10-7.path >AM10-8.dot
ln -sf AM10-8.dot AM10-scaffolds.dot
abyss-fac   AM10-unitigs.fa AM10-contigs.fa AM10-scaffolds.fa |tee AM10-stats.tab
n	n:500	L50	min	N75	N50	N25	E-size	max	sum	name
995	0	0	0	0	0	0	0	0	0	AM10-unitigs.fa
995	0	0	0	0	0	0	0	0	0	AM10-contigs.fa
995	0	0	0	0	0	0	0	0	0	AM10-scaffolds.fa
ln -sf AM10-stats.tab AM10-stats
tr '\t' , <AM10-stats.tab >AM10-stats.csv
abyss-tabtomd AM10-stats.tab >AM10-stats.md
make: Leaving directory '/work/hpk4/abyss_unmapped/test/k15-kc4'
make: Entering directory '/work/hpk4/abyss_unmapped/test/k20-kc4'
abyss-stack-size 65536 abyss-bloom-dbg -k20 -q3 --kc=4  -b50G -j2  /work/hpk4/abyss_unmapped/fasta/Am10_S43.unmapped.R1.fastq.gz /work/hpk4/abyss_unmapped/fasta/Am10_S43.unmapped.R2.fastq.gz  > AM10-1.fa
AdjList    -k20 -m0 --dot AM10-1.fa >AM10-1.dot
abyss-rresolver-short  -b50G -f0.8 -j2 -k20 \
 -h AM10-1-rr --dot -c AM10-1-rr.fa \
-g AM10-1-rr.dot AM10-1.fa AM10-1.dot /work/hpk4/abyss_unmapped/fasta/Am10_S43.unmapped.R1.fastq.gz /work/hpk4/abyss_unmapped/fasta/Am10_S43.unmapped.R2.fastq.gz 
abyss-filtergraph  --dot   -k20 -g AM10-2.dot1 AM10-1-rr.dot AM10-1-rr.fa >AM10-1-rr.path
MergeContigs --dot   -k20 -g AM10-2.dot -o AM10-2.fa AM10-1-rr.fa AM10-2.dot1 AM10-1-rr.path
PopBubbles  --dot -j2 -k20  -p0.9  -g AM10-3.dot AM10-2.fa AM10-2.dot >AM10-2.path
MergeContigs   -k20 -o AM10-3.fa AM10-2.fa AM10-2.dot AM10-2.path
awk '!/^>/ {x[">" $1]=1; next} {getline s} $1 in x {print $0 "\n" s}' \
	AM10-2.path AM10-1-rr.fa >AM10-indel.fa
ln -sf AM10-3.fa AM10-unitigs.fa
abyss-map   -j2 -l40    /work/hpk4/abyss_unmapped/fasta/Am10_S43.unmapped.R1.fastq.gz /work/hpk4/abyss_unmapped/fasta/Am10_S43.unmapped.R2.fastq.gz AM10-3.fa \
	|abyss-fixmate   -l40  -h AM10-3.hist \
	|sort -snk3 -k4 \
	|DistanceEst   -j2 -k20  -l40 -s1000 -n10  -o AM10-3.dist AM10-3.hist
Overlap  --dot   -k20 -g AM10-4.dot -o AM10-4.fa AM10-3.fa AM10-3.dot AM10-3.dist
Overlap: 0
Scaffold: 0
No overlap: 0
Insignificant (<5bp): 0
Homopolymer: 0
Motif: 0
Ambiguous: 0
abyss-stack-size 65536 SimpleGraph   -s1000 -n10  -j2 -k20 -o AM10-4.path1 AM10-4.dot AM10-3.dist
Seed too short: 0
Seeds with no edges: 0
Edges removed: 0
Total paths attempted: 0
Unique path: 0
No possible paths: 0
No valid paths: 0
Repetitive: 0
Multiple valid paths: 0
Too many solutions: 0
Too complex: 0

The minimum number of pairs in a distance estimate is 4294967295.
abyss-index  --fai AM10-3.fa
abyss-index  --fai AM10-4.fa
cat AM10-3.fa.fai AM10-4.fa.fai \
	| MergePaths   -j2 -k20 -s1000  -o AM10-4.path2 - AM10-4.path1
Ignored 0 paths whose seeds are shorter than 1000 bp.
PathOverlap --assemble   -k20  AM10-4.dot AM10-4.path2 >AM10-4.path3
cat AM10-3.fa AM10-4.fa \
	| abyss-stack-size 65536 PathConsensus  --dot -k20  -p0.9  -o AM10-5.path -s AM10-5.fa -g AM10-5.dot - AM10-4.dot AM10-4.path3
cat AM10-3.fa AM10-4.fa AM10-5.fa | MergeContigs   -k20 -o AM10-6.fa - AM10-5.dot AM10-5.path
ln -sf AM10-6.fa AM10-contigs.fa
PathOverlap --overlap   -k20 --dot AM10-5.dot AM10-5.path >AM10-6.dot
ln -sf AM10-6.dot AM10-contigs.dot
abyss-map   -j2 -l40    /work/hpk4/abyss_unmapped/fasta/Am10_S43.unmapped.R1.fastq.gz /work/hpk4/abyss_unmapped/fasta/Am10_S43.unmapped.R2.fastq.gz AM10-6.fa \
	|abyss-fixmate   -l40  -h AM10-6.hist \
	|sort -snk3 -k4 \
	|DistanceEst   --dot --median -j2 -k20  -l40 -s1000 -n10  -o AM10-6.dist.dot AM10-6.hist
abyss-scaffold    -k20 -s100-5000 -n15-20 -g AM10-6.path.dot  AM10-6.dot AM10-6.dist.dot >AM10-6.path
abyss-stack-size 65536 PathConsensus  --dot -k20  -p0.9  -s AM10-7.fa -g AM10-7.dot -o AM10-7.path AM10-6.fa AM10-6.dot AM10-6.path
cat AM10-6.fa AM10-7.fa \
	| MergeContigs   -k20 -o AM10-8.fa - AM10-7.dot AM10-7.path
ln -sf AM10-8.fa AM10-scaffolds.fa
PathOverlap --overlap   -k20 --dot AM10-7.dot AM10-7.path >AM10-8.dot
ln -sf AM10-8.dot AM10-scaffolds.dot
abyss-fac   AM10-unitigs.fa AM10-contigs.fa AM10-scaffolds.fa |tee AM10-stats.tab
n	n:500	L50	min	N75	N50	N25	E-size	max	sum	name
734	0	0	0	0	0	0	0	0	0	AM10-unitigs.fa
734	0	0	0	0	0	0	0	0	0	AM10-contigs.fa
734	0	0	0	0	0	0	0	0	0	AM10-scaffolds.fa
ln -sf AM10-stats.tab AM10-stats
tr '\t' , <AM10-stats.tab >AM10-stats.csv
abyss-tabtomd AM10-stats.tab >AM10-stats.md
make: Leaving directory '/work/hpk4/abyss_unmapped/test/k20-kc4'
make: Entering directory '/work/hpk4/abyss_unmapped/test/k25-kc4'
abyss-stack-size 65536 abyss-bloom-dbg -k25 -q3 --kc=4  -b50G -j2  /work/hpk4/abyss_unmapped/fasta/Am10_S43.unmapped.R1.fastq.gz /work/hpk4/abyss_unmapped/fasta/Am10_S43.unmapped.R2.fastq.gz  > AM10-1.fa
AdjList    -k25 -m0 --dot AM10-1.fa >AM10-1.dot
abyss-rresolver-short  -b50G -f0.8 -j2 -k25 \
 -h AM10-1-rr --dot -c AM10-1-rr.fa \
-g AM10-1-rr.dot AM10-1.fa AM10-1.dot /work/hpk4/abyss_unmapped/fasta/Am10_S43.unmapped.R1.fastq.gz /work/hpk4/abyss_unmapped/fasta/Am10_S43.unmapped.R2.fastq.gz 
abyss-filtergraph  --dot   -k25 -g AM10-2.dot1 AM10-1-rr.dot AM10-1-rr.fa >AM10-1-rr.path
MergeContigs --dot   -k25 -g AM10-2.dot -o AM10-2.fa AM10-1-rr.fa AM10-2.dot1 AM10-1-rr.path
PopBubbles  --dot -j2 -k25  -p0.9  -g AM10-3.dot AM10-2.fa AM10-2.dot >AM10-2.path
MergeContigs   -k25 -o AM10-3.fa AM10-2.fa AM10-2.dot AM10-2.path
awk '!/^>/ {x[">" $1]=1; next} {getline s} $1 in x {print $0 "\n" s}' \
	AM10-2.path AM10-1-rr.fa >AM10-indel.fa
ln -sf AM10-3.fa AM10-unitigs.fa
abyss-map   -j2 -l40    /work/hpk4/abyss_unmapped/fasta/Am10_S43.unmapped.R1.fastq.gz /work/hpk4/abyss_unmapped/fasta/Am10_S43.unmapped.R2.fastq.gz AM10-3.fa \
	|abyss-fixmate   -l40  -h AM10-3.hist \
	|sort -snk3 -k4 \
	|DistanceEst   -j2 -k25  -l40 -s1000 -n10  -o AM10-3.dist AM10-3.hist
Overlap  --dot   -k25 -g AM10-4.dot -o AM10-4.fa AM10-3.fa AM10-3.dot AM10-3.dist
Overlap: 0
Scaffold: 0
No overlap: 0
Insignificant (<5bp): 0
Homopolymer: 0
Motif: 0
Ambiguous: 0
abyss-stack-size 65536 SimpleGraph   -s1000 -n10  -j2 -k25 -o AM10-4.path1 AM10-4.dot AM10-3.dist
Seed too short: 0
Seeds with no edges: 0
Edges removed: 0
Total paths attempted: 0
Unique path: 0
No possible paths: 0
No valid paths: 0
Repetitive: 0
Multiple valid paths: 0
Too many solutions: 0
Too complex: 0

The minimum number of pairs in a distance estimate is 4294967295.
abyss-index  --fai AM10-3.fa
abyss-index  --fai AM10-4.fa
cat AM10-3.fa.fai AM10-4.fa.fai \
	| MergePaths   -j2 -k25 -s1000  -o AM10-4.path2 - AM10-4.path1
Ignored 0 paths whose seeds are shorter than 1000 bp.
PathOverlap --assemble   -k25  AM10-4.dot AM10-4.path2 >AM10-4.path3
cat AM10-3.fa AM10-4.fa \
	| abyss-stack-size 65536 PathConsensus  --dot -k25  -p0.9  -o AM10-5.path -s AM10-5.fa -g AM10-5.dot - AM10-4.dot AM10-4.path3
cat AM10-3.fa AM10-4.fa AM10-5.fa | MergeContigs   -k25 -o AM10-6.fa - AM10-5.dot AM10-5.path
ln -sf AM10-6.fa AM10-contigs.fa
PathOverlap --overlap   -k25 --dot AM10-5.dot AM10-5.path >AM10-6.dot
ln -sf AM10-6.dot AM10-contigs.dot
abyss-map   -j2 -l40    /work/hpk4/abyss_unmapped/fasta/Am10_S43.unmapped.R1.fastq.gz /work/hpk4/abyss_unmapped/fasta/Am10_S43.unmapped.R2.fastq.gz AM10-6.fa \
	|abyss-fixmate   -l40  -h AM10-6.hist \
	|sort -snk3 -k4 \
	|DistanceEst   --dot --median -j2 -k25  -l40 -s1000 -n10  -o AM10-6.dist.dot AM10-6.hist
abyss-scaffold    -k25 -s100-5000 -n15-20 -g AM10-6.path.dot  AM10-6.dot AM10-6.dist.dot >AM10-6.path
abyss-stack-size 65536 PathConsensus  --dot -k25  -p0.9  -s AM10-7.fa -g AM10-7.dot -o AM10-7.path AM10-6.fa AM10-6.dot AM10-6.path
cat AM10-6.fa AM10-7.fa \
	| MergeContigs   -k25 -o AM10-8.fa - AM10-7.dot AM10-7.path
ln -sf AM10-8.fa AM10-scaffolds.fa
PathOverlap --overlap   -k25 --dot AM10-7.dot AM10-7.path >AM10-8.dot
ln -sf AM10-8.dot AM10-scaffolds.dot
abyss-fac   AM10-unitigs.fa AM10-contigs.fa AM10-scaffolds.fa |tee AM10-stats.tab
n	n:500	L50	min	N75	N50	N25	E-size	max	sum	name
617	0	0	0	0	0	0	0	0	0	AM10-unitigs.fa
617	0	0	0	0	0	0	0	0	0	AM10-contigs.fa
617	0	0	0	0	0	0	0	0	0	AM10-scaffolds.fa
ln -sf AM10-stats.tab AM10-stats
tr '\t' , <AM10-stats.tab >AM10-stats.csv
abyss-tabtomd AM10-stats.tab >AM10-stats.md
make: Leaving directory '/work/hpk4/abyss_unmapped/test/k25-kc4'
make: Entering directory '/work/hpk4/abyss_unmapped/test/k30-kc4'
abyss-stack-size 65536 abyss-bloom-dbg -k30 -q3 --kc=4  -b50G -j2  /work/hpk4/abyss_unmapped/fasta/Am10_S43.unmapped.R1.fastq.gz /work/hpk4/abyss_unmapped/fasta/Am10_S43.unmapped.R2.fastq.gz  > AM10-1.fa
AdjList    -k30 -m0 --dot AM10-1.fa >AM10-1.dot
abyss-rresolver-short  -b50G -f0.8 -j2 -k30 \
 -h AM10-1-rr --dot -c AM10-1-rr.fa \
-g AM10-1-rr.dot AM10-1.fa AM10-1.dot /work/hpk4/abyss_unmapped/fasta/Am10_S43.unmapped.R1.fastq.gz /work/hpk4/abyss_unmapped/fasta/Am10_S43.unmapped.R2.fastq.gz 
abyss-filtergraph  --dot   -k30 -g AM10-2.dot1 AM10-1-rr.dot AM10-1-rr.fa >AM10-1-rr.path
MergeContigs --dot   -k30 -g AM10-2.dot -o AM10-2.fa AM10-1-rr.fa AM10-2.dot1 AM10-1-rr.path
PopBubbles  --dot -j2 -k30  -p0.9  -g AM10-3.dot AM10-2.fa AM10-2.dot >AM10-2.path
MergeContigs   -k30 -o AM10-3.fa AM10-2.fa AM10-2.dot AM10-2.path
awk '!/^>/ {x[">" $1]=1; next} {getline s} $1 in x {print $0 "\n" s}' \
	AM10-2.path AM10-1-rr.fa >AM10-indel.fa
ln -sf AM10-3.fa AM10-unitigs.fa
abyss-map   -j2 -l40    /work/hpk4/abyss_unmapped/fasta/Am10_S43.unmapped.R1.fastq.gz /work/hpk4/abyss_unmapped/fasta/Am10_S43.unmapped.R2.fastq.gz AM10-3.fa \
	|abyss-fixmate   -l40  -h AM10-3.hist \
	|sort -snk3 -k4 \
	|DistanceEst   -j2 -k30  -l40 -s1000 -n10  -o AM10-3.dist AM10-3.hist
Overlap  --dot   -k30 -g AM10-4.dot -o AM10-4.fa AM10-3.fa AM10-3.dot AM10-3.dist
Overlap: 0
Scaffold: 0
No overlap: 0
Insignificant (<5bp): 0
Homopolymer: 0
Motif: 0
Ambiguous: 0
abyss-stack-size 65536 SimpleGraph   -s1000 -n10  -j2 -k30 -o AM10-4.path1 AM10-4.dot AM10-3.dist
Seed too short: 0
Seeds with no edges: 0
Edges removed: 0
Total paths attempted: 0
Unique path: 0
No possible paths: 0
No valid paths: 0
Repetitive: 0
Multiple valid paths: 0
Too many solutions: 0
Too complex: 0

The minimum number of pairs in a distance estimate is 4294967295.
abyss-index  --fai AM10-3.fa
abyss-index  --fai AM10-4.fa
cat AM10-3.fa.fai AM10-4.fa.fai \
	| MergePaths   -j2 -k30 -s1000  -o AM10-4.path2 - AM10-4.path1
Ignored 0 paths whose seeds are shorter than 1000 bp.
PathOverlap --assemble   -k30  AM10-4.dot AM10-4.path2 >AM10-4.path3
cat AM10-3.fa AM10-4.fa \
	| abyss-stack-size 65536 PathConsensus  --dot -k30  -p0.9  -o AM10-5.path -s AM10-5.fa -g AM10-5.dot - AM10-4.dot AM10-4.path3
cat AM10-3.fa AM10-4.fa AM10-5.fa | MergeContigs   -k30 -o AM10-6.fa - AM10-5.dot AM10-5.path
ln -sf AM10-6.fa AM10-contigs.fa
PathOverlap --overlap   -k30 --dot AM10-5.dot AM10-5.path >AM10-6.dot
ln -sf AM10-6.dot AM10-contigs.dot
abyss-map   -j2 -l40    /work/hpk4/abyss_unmapped/fasta/Am10_S43.unmapped.R1.fastq.gz /work/hpk4/abyss_unmapped/fasta/Am10_S43.unmapped.R2.fastq.gz AM10-6.fa \
	|abyss-fixmate   -l40  -h AM10-6.hist \
	|sort -snk3 -k4 \
	|DistanceEst   --dot --median -j2 -k30  -l40 -s1000 -n10  -o AM10-6.dist.dot AM10-6.hist
abyss-scaffold    -k30 -s100-5000 -n15-20 -g AM10-6.path.dot  AM10-6.dot AM10-6.dist.dot >AM10-6.path
abyss-stack-size 65536 PathConsensus  --dot -k30  -p0.9  -s AM10-7.fa -g AM10-7.dot -o AM10-7.path AM10-6.fa AM10-6.dot AM10-6.path
cat AM10-6.fa AM10-7.fa \
	| MergeContigs   -k30 -o AM10-8.fa - AM10-7.dot AM10-7.path
ln -sf AM10-8.fa AM10-scaffolds.fa
PathOverlap --overlap   -k30 --dot AM10-7.dot AM10-7.path >AM10-8.dot
ln -sf AM10-8.dot AM10-scaffolds.dot
abyss-fac   AM10-unitigs.fa AM10-contigs.fa AM10-scaffolds.fa |tee AM10-stats.tab
n	n:500	L50	min	N75	N50	N25	E-size	max	sum	name
506	0	0	0	0	0	0	0	0	0	AM10-unitigs.fa
506	0	0	0	0	0	0	0	0	0	AM10-contigs.fa
506	0	0	0	0	0	0	0	0	0	AM10-scaffolds.fa
ln -sf AM10-stats.tab AM10-stats
tr '\t' , <AM10-stats.tab >AM10-stats.csv
abyss-tabtomd AM10-stats.tab >AM10-stats.md
make: Leaving directory '/work/hpk4/abyss_unmapped/test/k30-kc4'
make: Entering directory '/work/hpk4/abyss_unmapped/test/k35-kc4'
abyss-stack-size 65536 abyss-bloom-dbg -k35 -q3 --kc=4  -b50G -j2  /work/hpk4/abyss_unmapped/fasta/Am10_S43.unmapped.R1.fastq.gz /work/hpk4/abyss_unmapped/fasta/Am10_S43.unmapped.R2.fastq.gz  > AM10-1.fa
AdjList    -k35 -m0 --dot AM10-1.fa >AM10-1.dot
abyss-rresolver-short  -b50G -f0.8 -j2 -k35 \
 -h AM10-1-rr --dot -c AM10-1-rr.fa \
-g AM10-1-rr.dot AM10-1.fa AM10-1.dot /work/hpk4/abyss_unmapped/fasta/Am10_S43.unmapped.R1.fastq.gz /work/hpk4/abyss_unmapped/fasta/Am10_S43.unmapped.R2.fastq.gz 
abyss-filtergraph  --dot   -k35 -g AM10-2.dot1 AM10-1-rr.dot AM10-1-rr.fa >AM10-1-rr.path
MergeContigs --dot   -k35 -g AM10-2.dot -o AM10-2.fa AM10-1-rr.fa AM10-2.dot1 AM10-1-rr.path
PopBubbles  --dot -j2 -k35  -p0.9  -g AM10-3.dot AM10-2.fa AM10-2.dot >AM10-2.path
MergeContigs   -k35 -o AM10-3.fa AM10-2.fa AM10-2.dot AM10-2.path
awk '!/^>/ {x[">" $1]=1; next} {getline s} $1 in x {print $0 "\n" s}' \
	AM10-2.path AM10-1-rr.fa >AM10-indel.fa
ln -sf AM10-3.fa AM10-unitigs.fa
abyss-map   -j2 -l40    /work/hpk4/abyss_unmapped/fasta/Am10_S43.unmapped.R1.fastq.gz /work/hpk4/abyss_unmapped/fasta/Am10_S43.unmapped.R2.fastq.gz AM10-3.fa \
	|abyss-fixmate   -l40  -h AM10-3.hist \
	|sort -snk3 -k4 \
	|DistanceEst   -j2 -k35  -l40 -s1000 -n10  -o AM10-3.dist AM10-3.hist
Overlap  --dot   -k35 -g AM10-4.dot -o AM10-4.fa AM10-3.fa AM10-3.dot AM10-3.dist
Overlap: 0
Scaffold: 0
No overlap: 0
Insignificant (<5bp): 0
Homopolymer: 0
Motif: 0
Ambiguous: 0
abyss-stack-size 65536 SimpleGraph   -s1000 -n10  -j2 -k35 -o AM10-4.path1 AM10-4.dot AM10-3.dist
Seed too short: 0
Seeds with no edges: 0
Edges removed: 0
Total paths attempted: 0
Unique path: 0
No possible paths: 0
No valid paths: 0
Repetitive: 0
Multiple valid paths: 0
Too many solutions: 0
Too complex: 0

The minimum number of pairs in a distance estimate is 4294967295.
abyss-index  --fai AM10-3.fa
abyss-index  --fai AM10-4.fa
cat AM10-3.fa.fai AM10-4.fa.fai \
	| MergePaths   -j2 -k35 -s1000  -o AM10-4.path2 - AM10-4.path1
Ignored 0 paths whose seeds are shorter than 1000 bp.
PathOverlap --assemble   -k35  AM10-4.dot AM10-4.path2 >AM10-4.path3
cat AM10-3.fa AM10-4.fa \
	| abyss-stack-size 65536 PathConsensus  --dot -k35  -p0.9  -o AM10-5.path -s AM10-5.fa -g AM10-5.dot - AM10-4.dot AM10-4.path3
cat AM10-3.fa AM10-4.fa AM10-5.fa | MergeContigs   -k35 -o AM10-6.fa - AM10-5.dot AM10-5.path
ln -sf AM10-6.fa AM10-contigs.fa
PathOverlap --overlap   -k35 --dot AM10-5.dot AM10-5.path >AM10-6.dot
ln -sf AM10-6.dot AM10-contigs.dot
abyss-map   -j2 -l40    /work/hpk4/abyss_unmapped/fasta/Am10_S43.unmapped.R1.fastq.gz /work/hpk4/abyss_unmapped/fasta/Am10_S43.unmapped.R2.fastq.gz AM10-6.fa \
	|abyss-fixmate   -l40  -h AM10-6.hist \
	|sort -snk3 -k4 \
	|DistanceEst   --dot --median -j2 -k35  -l40 -s1000 -n10  -o AM10-6.dist.dot AM10-6.hist
abyss-scaffold    -k35 -s100-5000 -n15-20 -g AM10-6.path.dot  AM10-6.dot AM10-6.dist.dot >AM10-6.path
abyss-stack-size 65536 PathConsensus  --dot -k35  -p0.9  -s AM10-7.fa -g AM10-7.dot -o AM10-7.path AM10-6.fa AM10-6.dot AM10-6.path
cat AM10-6.fa AM10-7.fa \
	| MergeContigs   -k35 -o AM10-8.fa - AM10-7.dot AM10-7.path
ln -sf AM10-8.fa AM10-scaffolds.fa
PathOverlap --overlap   -k35 --dot AM10-7.dot AM10-7.path >AM10-8.dot
ln -sf AM10-8.dot AM10-scaffolds.dot
abyss-fac   AM10-unitigs.fa AM10-contigs.fa AM10-scaffolds.fa |tee AM10-stats.tab
n	n:500	L50	min	N75	N50	N25	E-size	max	sum	name
438	0	0	0	0	0	0	0	0	0	AM10-unitigs.fa
438	0	0	0	0	0	0	0	0	0	AM10-contigs.fa
438	0	0	0	0	0	0	0	0	0	AM10-scaffolds.fa
ln -sf AM10-stats.tab AM10-stats
tr '\t' , <AM10-stats.tab >AM10-stats.csv
abyss-tabtomd AM10-stats.tab >AM10-stats.md
make: Leaving directory '/work/hpk4/abyss_unmapped/test/k35-kc4'
make: Entering directory '/work/hpk4/abyss_unmapped/test/k40-kc4'
abyss-stack-size 65536 abyss-bloom-dbg -k40 -q3 --kc=4  -b50G -j2  /work/hpk4/abyss_unmapped/fasta/Am10_S43.unmapped.R1.fastq.gz /work/hpk4/abyss_unmapped/fasta/Am10_S43.unmapped.R2.fastq.gz  > AM10-1.fa
AdjList    -k40 -m0 --dot AM10-1.fa >AM10-1.dot
abyss-rresolver-short  -b50G -f0.8 -j2 -k40 \
 -h AM10-1-rr --dot -c AM10-1-rr.fa \
-g AM10-1-rr.dot AM10-1.fa AM10-1.dot /work/hpk4/abyss_unmapped/fasta/Am10_S43.unmapped.R1.fastq.gz /work/hpk4/abyss_unmapped/fasta/Am10_S43.unmapped.R2.fastq.gz 
abyss-filtergraph  --dot   -k40 -g AM10-2.dot1 AM10-1-rr.dot AM10-1-rr.fa >AM10-1-rr.path
MergeContigs --dot   -k40 -g AM10-2.dot -o AM10-2.fa AM10-1-rr.fa AM10-2.dot1 AM10-1-rr.path
PopBubbles  --dot -j2 -k40  -p0.9  -g AM10-3.dot AM10-2.fa AM10-2.dot >AM10-2.path
MergeContigs   -k40 -o AM10-3.fa AM10-2.fa AM10-2.dot AM10-2.path
awk '!/^>/ {x[">" $1]=1; next} {getline s} $1 in x {print $0 "\n" s}' \
	AM10-2.path AM10-1-rr.fa >AM10-indel.fa
ln -sf AM10-3.fa AM10-unitigs.fa
abyss-map   -j2 -l40    /work/hpk4/abyss_unmapped/fasta/Am10_S43.unmapped.R1.fastq.gz /work/hpk4/abyss_unmapped/fasta/Am10_S43.unmapped.R2.fastq.gz AM10-3.fa \
	|abyss-fixmate   -l40  -h AM10-3.hist \
	|sort -snk3 -k4 \
	|DistanceEst   -j2 -k40  -l40 -s1000 -n10  -o AM10-3.dist AM10-3.hist
Overlap  --dot   -k40 -g AM10-4.dot -o AM10-4.fa AM10-3.fa AM10-3.dot AM10-3.dist
Overlap: 0
Scaffold: 0
No overlap: 0
Insignificant (<5bp): 0
Homopolymer: 0
Motif: 0
Ambiguous: 0
abyss-stack-size 65536 SimpleGraph   -s1000 -n10  -j2 -k40 -o AM10-4.path1 AM10-4.dot AM10-3.dist
Seed too short: 0
Seeds with no edges: 0
Edges removed: 0
Total paths attempted: 0
Unique path: 0
No possible paths: 0
No valid paths: 0
Repetitive: 0
Multiple valid paths: 0
Too many solutions: 0
Too complex: 0

The minimum number of pairs in a distance estimate is 4294967295.
abyss-index  --fai AM10-3.fa
abyss-index  --fai AM10-4.fa
cat AM10-3.fa.fai AM10-4.fa.fai \
	| MergePaths   -j2 -k40 -s1000  -o AM10-4.path2 - AM10-4.path1
Ignored 0 paths whose seeds are shorter than 1000 bp.
PathOverlap --assemble   -k40  AM10-4.dot AM10-4.path2 >AM10-4.path3
cat AM10-3.fa AM10-4.fa \
	| abyss-stack-size 65536 PathConsensus  --dot -k40  -p0.9  -o AM10-5.path -s AM10-5.fa -g AM10-5.dot - AM10-4.dot AM10-4.path3
cat AM10-3.fa AM10-4.fa AM10-5.fa | MergeContigs   -k40 -o AM10-6.fa - AM10-5.dot AM10-5.path
ln -sf AM10-6.fa AM10-contigs.fa
PathOverlap --overlap   -k40 --dot AM10-5.dot AM10-5.path >AM10-6.dot
ln -sf AM10-6.dot AM10-contigs.dot
abyss-map   -j2 -l40    /work/hpk4/abyss_unmapped/fasta/Am10_S43.unmapped.R1.fastq.gz /work/hpk4/abyss_unmapped/fasta/Am10_S43.unmapped.R2.fastq.gz AM10-6.fa \
	|abyss-fixmate   -l40  -h AM10-6.hist \
	|sort -snk3 -k4 \
	|DistanceEst   --dot --median -j2 -k40  -l40 -s1000 -n10  -o AM10-6.dist.dot AM10-6.hist
abyss-scaffold    -k40 -s100-5000 -n15-20 -g AM10-6.path.dot  AM10-6.dot AM10-6.dist.dot >AM10-6.path
abyss-stack-size 65536 PathConsensus  --dot -k40  -p0.9  -s AM10-7.fa -g AM10-7.dot -o AM10-7.path AM10-6.fa AM10-6.dot AM10-6.path
cat AM10-6.fa AM10-7.fa \
	| MergeContigs   -k40 -o AM10-8.fa - AM10-7.dot AM10-7.path
ln -sf AM10-8.fa AM10-scaffolds.fa
PathOverlap --overlap   -k40 --dot AM10-7.dot AM10-7.path >AM10-8.dot
ln -sf AM10-8.dot AM10-scaffolds.dot
abyss-fac   AM10-unitigs.fa AM10-contigs.fa AM10-scaffolds.fa |tee AM10-stats.tab
n	n:500	L50	min	N75	N50	N25	E-size	max	sum	name
376	0	0	0	0	0	0	0	0	0	AM10-unitigs.fa
376	0	0	0	0	0	0	0	0	0	AM10-contigs.fa
376	0	0	0	0	0	0	0	0	0	AM10-scaffolds.fa
ln -sf AM10-stats.tab AM10-stats
tr '\t' , <AM10-stats.tab >AM10-stats.csv
abyss-tabtomd AM10-stats.tab >AM10-stats.md
make: Leaving directory '/work/hpk4/abyss_unmapped/test/k40-kc4'
make: Entering directory '/work/hpk4/abyss_unmapped/test/k45-kc4'
abyss-stack-size 65536 abyss-bloom-dbg -k45 -q3 --kc=4  -b50G -j2  /work/hpk4/abyss_unmapped/fasta/Am10_S43.unmapped.R1.fastq.gz /work/hpk4/abyss_unmapped/fasta/Am10_S43.unmapped.R2.fastq.gz  > AM10-1.fa
AdjList    -k45 -m0 --dot AM10-1.fa >AM10-1.dot
abyss-rresolver-short  -b50G -f0.8 -j2 -k45 \
 -h AM10-1-rr --dot -c AM10-1-rr.fa \
-g AM10-1-rr.dot AM10-1.fa AM10-1.dot /work/hpk4/abyss_unmapped/fasta/Am10_S43.unmapped.R1.fastq.gz /work/hpk4/abyss_unmapped/fasta/Am10_S43.unmapped.R2.fastq.gz 
abyss-filtergraph  --dot   -k45 -g AM10-2.dot1 AM10-1-rr.dot AM10-1-rr.fa >AM10-1-rr.path
MergeContigs --dot   -k45 -g AM10-2.dot -o AM10-2.fa AM10-1-rr.fa AM10-2.dot1 AM10-1-rr.path
PopBubbles  --dot -j2 -k45  -p0.9  -g AM10-3.dot AM10-2.fa AM10-2.dot >AM10-2.path
MergeContigs   -k45 -o AM10-3.fa AM10-2.fa AM10-2.dot AM10-2.path
awk '!/^>/ {x[">" $1]=1; next} {getline s} $1 in x {print $0 "\n" s}' \
	AM10-2.path AM10-1-rr.fa >AM10-indel.fa
ln -sf AM10-3.fa AM10-unitigs.fa
abyss-map   -j2 -l40    /work/hpk4/abyss_unmapped/fasta/Am10_S43.unmapped.R1.fastq.gz /work/hpk4/abyss_unmapped/fasta/Am10_S43.unmapped.R2.fastq.gz AM10-3.fa \
	|abyss-fixmate   -l40  -h AM10-3.hist \
	|sort -snk3 -k4 \
	|DistanceEst   -j2 -k45  -l40 -s1000 -n10  -o AM10-3.dist AM10-3.hist
Overlap  --dot   -k45 -g AM10-4.dot -o AM10-4.fa AM10-3.fa AM10-3.dot AM10-3.dist
Overlap: 0
Scaffold: 0
No overlap: 0
Insignificant (<5bp): 0
Homopolymer: 0
Motif: 0
Ambiguous: 0
abyss-stack-size 65536 SimpleGraph   -s1000 -n10  -j2 -k45 -o AM10-4.path1 AM10-4.dot AM10-3.dist
Seed too short: 0
Seeds with no edges: 0
Edges removed: 0
Total paths attempted: 0
Unique path: 0
No possible paths: 0
No valid paths: 0
Repetitive: 0
Multiple valid paths: 0
Too many solutions: 0
Too complex: 0

The minimum number of pairs in a distance estimate is 4294967295.
abyss-index  --fai AM10-3.fa
abyss-index  --fai AM10-4.fa
cat AM10-3.fa.fai AM10-4.fa.fai \
	| MergePaths   -j2 -k45 -s1000  -o AM10-4.path2 - AM10-4.path1
Ignored 0 paths whose seeds are shorter than 1000 bp.
PathOverlap --assemble   -k45  AM10-4.dot AM10-4.path2 >AM10-4.path3
cat AM10-3.fa AM10-4.fa \
	| abyss-stack-size 65536 PathConsensus  --dot -k45  -p0.9  -o AM10-5.path -s AM10-5.fa -g AM10-5.dot - AM10-4.dot AM10-4.path3
cat AM10-3.fa AM10-4.fa AM10-5.fa | MergeContigs   -k45 -o AM10-6.fa - AM10-5.dot AM10-5.path
ln -sf AM10-6.fa AM10-contigs.fa
PathOverlap --overlap   -k45 --dot AM10-5.dot AM10-5.path >AM10-6.dot
ln -sf AM10-6.dot AM10-contigs.dot
abyss-map   -j2 -l40    /work/hpk4/abyss_unmapped/fasta/Am10_S43.unmapped.R1.fastq.gz /work/hpk4/abyss_unmapped/fasta/Am10_S43.unmapped.R2.fastq.gz AM10-6.fa \
	|abyss-fixmate   -l40  -h AM10-6.hist \
	|sort -snk3 -k4 \
	|DistanceEst   --dot --median -j2 -k45  -l40 -s1000 -n10  -o AM10-6.dist.dot AM10-6.hist
abyss-scaffold    -k45 -s100-5000 -n15-20 -g AM10-6.path.dot  AM10-6.dot AM10-6.dist.dot >AM10-6.path
abyss-stack-size 65536 PathConsensus  --dot -k45  -p0.9  -s AM10-7.fa -g AM10-7.dot -o AM10-7.path AM10-6.fa AM10-6.dot AM10-6.path
cat AM10-6.fa AM10-7.fa \
	| MergeContigs   -k45 -o AM10-8.fa - AM10-7.dot AM10-7.path
ln -sf AM10-8.fa AM10-scaffolds.fa
PathOverlap --overlap   -k45 --dot AM10-7.dot AM10-7.path >AM10-8.dot
ln -sf AM10-8.dot AM10-scaffolds.dot
abyss-fac   AM10-unitigs.fa AM10-contigs.fa AM10-scaffolds.fa |tee AM10-stats.tab
n	n:500	L50	min	N75	N50	N25	E-size	max	sum	name
315	0	0	0	0	0	0	0	0	0	AM10-unitigs.fa
315	0	0	0	0	0	0	0	0	0	AM10-contigs.fa
315	0	0	0	0	0	0	0	0	0	AM10-scaffolds.fa
ln -sf AM10-stats.tab AM10-stats
tr '\t' , <AM10-stats.tab >AM10-stats.csv
abyss-tabtomd AM10-stats.tab >AM10-stats.md
make: Leaving directory '/work/hpk4/abyss_unmapped/test/k45-kc4'
make: Entering directory '/work/hpk4/abyss_unmapped/test/k50-kc4'
abyss-stack-size 65536 abyss-bloom-dbg -k50 -q3 --kc=4  -b50G -j2  /work/hpk4/abyss_unmapped/fasta/Am10_S43.unmapped.R1.fastq.gz /work/hpk4/abyss_unmapped/fasta/Am10_S43.unmapped.R2.fastq.gz  > AM10-1.fa
AdjList    -k50 -m0 --dot AM10-1.fa >AM10-1.dot
abyss-rresolver-short  -b50G -f0.8 -j2 -k50 \
 -h AM10-1-rr --dot -c AM10-1-rr.fa \
-g AM10-1-rr.dot AM10-1.fa AM10-1.dot /work/hpk4/abyss_unmapped/fasta/Am10_S43.unmapped.R1.fastq.gz /work/hpk4/abyss_unmapped/fasta/Am10_S43.unmapped.R2.fastq.gz 
abyss-filtergraph  --dot   -k50 -g AM10-2.dot1 AM10-1-rr.dot AM10-1-rr.fa >AM10-1-rr.path
MergeContigs --dot   -k50 -g AM10-2.dot -o AM10-2.fa AM10-1-rr.fa AM10-2.dot1 AM10-1-rr.path
PopBubbles  --dot -j2 -k50  -p0.9  -g AM10-3.dot AM10-2.fa AM10-2.dot >AM10-2.path
MergeContigs   -k50 -o AM10-3.fa AM10-2.fa AM10-2.dot AM10-2.path
awk '!/^>/ {x[">" $1]=1; next} {getline s} $1 in x {print $0 "\n" s}' \
	AM10-2.path AM10-1-rr.fa >AM10-indel.fa
ln -sf AM10-3.fa AM10-unitigs.fa
abyss-map   -j2 -l40    /work/hpk4/abyss_unmapped/fasta/Am10_S43.unmapped.R1.fastq.gz /work/hpk4/abyss_unmapped/fasta/Am10_S43.unmapped.R2.fastq.gz AM10-3.fa \
	|abyss-fixmate   -l40  -h AM10-3.hist \
	|sort -snk3 -k4 \
	|DistanceEst   -j2 -k50  -l40 -s1000 -n10  -o AM10-3.dist AM10-3.hist
Overlap  --dot   -k50 -g AM10-4.dot -o AM10-4.fa AM10-3.fa AM10-3.dot AM10-3.dist
Overlap: 0
Scaffold: 0
No overlap: 0
Insignificant (<5bp): 0
Homopolymer: 0
Motif: 0
Ambiguous: 0
abyss-stack-size 65536 SimpleGraph   -s1000 -n10  -j2 -k50 -o AM10-4.path1 AM10-4.dot AM10-3.dist
Seed too short: 0
Seeds with no edges: 0
Edges removed: 0
Total paths attempted: 0
Unique path: 0
No possible paths: 0
No valid paths: 0
Repetitive: 0
Multiple valid paths: 0
Too many solutions: 0
Too complex: 0

The minimum number of pairs in a distance estimate is 4294967295.
abyss-index  --fai AM10-3.fa
abyss-index  --fai AM10-4.fa
cat AM10-3.fa.fai AM10-4.fa.fai \
	| MergePaths   -j2 -k50 -s1000  -o AM10-4.path2 - AM10-4.path1
Ignored 0 paths whose seeds are shorter than 1000 bp.
PathOverlap --assemble   -k50  AM10-4.dot AM10-4.path2 >AM10-4.path3
cat AM10-3.fa AM10-4.fa \
	| abyss-stack-size 65536 PathConsensus  --dot -k50  -p0.9  -o AM10-5.path -s AM10-5.fa -g AM10-5.dot - AM10-4.dot AM10-4.path3
cat AM10-3.fa AM10-4.fa AM10-5.fa | MergeContigs   -k50 -o AM10-6.fa - AM10-5.dot AM10-5.path
ln -sf AM10-6.fa AM10-contigs.fa
PathOverlap --overlap   -k50 --dot AM10-5.dot AM10-5.path >AM10-6.dot
ln -sf AM10-6.dot AM10-contigs.dot
abyss-map   -j2 -l40    /work/hpk4/abyss_unmapped/fasta/Am10_S43.unmapped.R1.fastq.gz /work/hpk4/abyss_unmapped/fasta/Am10_S43.unmapped.R2.fastq.gz AM10-6.fa \
	|abyss-fixmate   -l40  -h AM10-6.hist \
	|sort -snk3 -k4 \
	|DistanceEst   --dot --median -j2 -k50  -l40 -s1000 -n10  -o AM10-6.dist.dot AM10-6.hist
abyss-scaffold    -k50 -s100-5000 -n15-20 -g AM10-6.path.dot  AM10-6.dot AM10-6.dist.dot >AM10-6.path
abyss-stack-size 65536 PathConsensus  --dot -k50  -p0.9  -s AM10-7.fa -g AM10-7.dot -o AM10-7.path AM10-6.fa AM10-6.dot AM10-6.path
cat AM10-6.fa AM10-7.fa \
	| MergeContigs   -k50 -o AM10-8.fa - AM10-7.dot AM10-7.path
ln -sf AM10-8.fa AM10-scaffolds.fa
PathOverlap --overlap   -k50 --dot AM10-7.dot AM10-7.path >AM10-8.dot
ln -sf AM10-8.dot AM10-scaffolds.dot
abyss-fac   AM10-unitigs.fa AM10-contigs.fa AM10-scaffolds.fa |tee AM10-stats.tab
n	n:500	L50	min	N75	N50	N25	E-size	max	sum	name
271	0	0	0	0	0	0	0	0	0	AM10-unitigs.fa
271	0	0	0	0	0	0	0	0	0	AM10-contigs.fa
271	0	0	0	0	0	0	0	0	0	AM10-scaffolds.fa
ln -sf AM10-stats.tab AM10-stats
tr '\t' , <AM10-stats.tab >AM10-stats.csv
abyss-tabtomd AM10-stats.tab >AM10-stats.md
make: Leaving directory '/work/hpk4/abyss_unmapped/test/k50-kc4'
n	n:500	L50	min	N75	N50	N25	E-size	max	sum	name
3869	0	0	0	0	0	0	0	0	0	/work/hpk4/abyss_unmapped/test/k10-kc4/AM10-scaffolds.fa
4223	0	0	0	0	0	0	0	0	0	/work/hpk4/abyss_unmapped/test/k15-kc1/AM10-scaffolds.fa
995	0	0	0	0	0	0	0	0	0	/work/hpk4/abyss_unmapped/test/k15-kc4/AM10-scaffolds.fa
3055	0	0	0	0	0	0	0	0	0	/work/hpk4/abyss_unmapped/test/k20-kc1/AM10-scaffolds.fa
734	0	0	0	0	0	0	0	0	0	/work/hpk4/abyss_unmapped/test/k20-kc4/AM10-scaffolds.fa
2464	0	0	0	0	0	0	0	0	0	/work/hpk4/abyss_unmapped/test/k25-kc1/AM10-scaffolds.fa
617	0	0	0	0	0	0	0	0	0	/work/hpk4/abyss_unmapped/test/k25-kc4/AM10-scaffolds.fa
2039	0	0	0	0	0	0	0	0	0	/work/hpk4/abyss_unmapped/test/k30-kc1/AM10-scaffolds.fa
506	0	0	0	0	0	0	0	0	0	/work/hpk4/abyss_unmapped/test/k30-kc4/AM10-scaffolds.fa
1742	0	0	0	0	0	0	0	0	0	/work/hpk4/abyss_unmapped/test/k35-kc1/AM10-scaffolds.fa
438	0	0	0	0	0	0	0	0	0	/work/hpk4/abyss_unmapped/test/k35-kc4/AM10-scaffolds.fa
1564	0	0	0	0	0	0	0	0	0	/work/hpk4/abyss_unmapped/test/k40-kc1/AM10-scaffolds.fa
376	0	0	0	0	0	0	0	0	0	/work/hpk4/abyss_unmapped/test/k40-kc4/AM10-scaffolds.fa
1359	0	0	0	0	0	0	0	0	0	/work/hpk4/abyss_unmapped/test/k45-kc1/AM10-scaffolds.fa
315	0	0	0	0	0	0	0	0	0	/work/hpk4/abyss_unmapped/test/k45-kc4/AM10-scaffolds.fa
1184	0	0	0	0	0	0	0	0	0	/work/hpk4/abyss_unmapped/test/k50-kc1/AM10-scaffolds.fa
271	0	0	0	0	0	0	0	0	0	/work/hpk4/abyss_unmapped/test/k50-kc4/AM10-scaffolds.fa
